2025-06-23 10:33:57,429 - INFO - ==================================================
2025-06-23 10:34:53,560 - INFO - ==================================================
2025-06-23 10:36:04,769 - INFO - ==================================================
2025-06-23 10:37:27,969 - INFO - ==================================================
2025-06-23 10:39:07,683 - INFO - ==================================================
2025-06-23 10:53:48,573 - INFO - ==================================================
2025-06-23 10:54:19,517 - INFO - ==================================================
2025-06-23 10:54:50,015 - INFO - ==================================================
2025-06-23 10:55:20,515 - INFO - ==================================================
2025-06-23 10:55:51,008 - INFO - ==================================================
2025-06-23 10:56:21,501 - INFO - ==================================================
2025-06-23 10:56:52,453 - INFO - ==================================================
2025-06-23 10:57:22,941 - INFO - ==================================================
2025-06-23 10:57:53,435 - INFO - ==================================================
2025-06-23 10:58:48,686 - INFO - ==================================================
2025-06-23 10:59:19,177 - INFO - ==================================================
2025-06-23 10:59:49,657 - INFO - ==================================================
2025-06-23 11:00:20,149 - INFO - ==================================================
2025-06-23 11:00:50,723 - INFO - ==================================================
2025-06-23 11:01:21,229 - INFO - ==================================================
2025-06-23 11:01:51,716 - INFO - ==================================================
2025-06-23 11:02:22,206 - INFO - ==================================================
2025-06-23 11:02:52,694 - INFO - ==================================================
2025-06-23 11:03:23,197 - INFO - ==================================================
2025-06-23 11:03:53,704 - INFO - ==================================================
2025-06-23 11:04:24,195 - INFO - ==================================================
2025-06-23 11:04:54,684 - INFO - ==================================================
2025-06-23 11:05:25,190 - INFO - ==================================================
2025-06-23 11:05:55,691 - INFO - ==================================================
2025-06-23 11:06:26,180 - INFO - ==================================================
2025-06-23 11:06:56,673 - INFO - ==================================================
2025-06-23 11:07:27,179 - INFO - ==================================================
2025-06-23 11:07:57,664 - INFO - ==================================================
2025-06-23 11:08:28,206 - INFO - ==================================================
2025-06-23 11:08:58,735 - INFO - ==================================================
2025-06-23 11:09:29,246 - INFO - ==================================================
2025-06-23 11:09:59,737 - INFO - ==================================================
2025-06-23 11:10:30,229 - INFO - ==================================================
2025-06-23 11:11:00,720 - INFO - ==================================================
2025-06-23 11:11:46,295 - INFO - START: Iniciando Trading Bot Mejorado...
2025-06-23 11:11:46,326 - INFO - NETWORK: Conectividad a internet verificada
2025-06-23 11:11:46,326 - INFO - INIT: Variables de entorno cargadas correctamente
2025-06-23 11:11:46,578 - INFO - INIT: Cliente Binance inicializado
2025-06-23 11:11:46,578 - INFO - TEST: Probando conexi蚤 a Binance (intento 1/3)...
2025-06-23 11:11:46,815 - INFO - TEST: Hora del servidor Binance: 2025-06-23 11:11:47.654000
2025-06-23 11:11:47,217 - INFO - SUCCESS: Conexi蚤 a Binance Futures establecida correctamente
2025-06-23 11:11:47,218 - INFO - SUCCESS: Bot inicializado correctamente
2025-06-23 11:11:47,218 - INFO - ==================================================
2025-06-23 11:11:47,218 - INFO - CYCLE: Iniciando nuevo ciclo de escaneo...
2025-06-23 11:11:47,457 - ERROR - ERROR: Error obteniendo posiciones: 'unrealizedPnl'
2025-06-23 11:11:47,459 - INFO - POSITIONS: Posiciones abiertas: 0
2025-06-23 11:11:47,688 - INFO - BALANCE: USDT disponible: $51.05
2025-06-23 11:11:48,166 - INFO - SYMBOLS: 36 s庵bolos v涇idos encontrados
2025-06-23 11:11:48,169 - INFO - SCAN: Analizando 36 s庵bolos...
2025-06-23 11:11:48,660 - INFO - SIGNAL: SE헤L SHORT fuerte para BCHUSDT (8/9 condiciones)
2025-06-23 11:11:49,655 - INFO - SUCCESS: SE헤L ENVIADA: BCHUSDT | SELL
2025-06-23 11:11:54,579 - INFO - SIGNAL: SE헤L SHORT fuerte para LTCUSDT (7/9 condiciones)
2025-06-23 11:11:55,393 - INFO - SUCCESS: SE헤L ENVIADA: LTCUSDT | SELL
2025-06-23 11:11:57,394 - INFO - SUCCESS: Ciclo completado: 2 se人les enviadas
2025-06-23 11:11:57,394 - INFO - TIMING: Ciclo completado en 10.18 segundos
2025-06-23 11:11:57,395 - INFO - WAIT: Esperando 30 segundos hasta pr鳥imo escaneo...
2025-06-23 11:12:27,397 - INFO - ==================================================
2025-06-23 11:12:27,397 - INFO - CYCLE: Iniciando nuevo ciclo de escaneo...
2025-06-23 11:12:27,639 - ERROR - ERROR: Error obteniendo posiciones: 'unrealizedPnl'
2025-06-23 11:12:27,640 - INFO - POSITIONS: Posiciones abiertas: 0
2025-06-23 11:12:27,861 - INFO - BALANCE: USDT disponible: $49.03
2025-06-23 11:12:27,862 - WARNING - WARNING: Capital insuficiente para operar. Balance: $49.03
2025-06-23 11:12:27,862 - INFO - TIMING: Ciclo completado en 0.47 segundos
2025-06-23 11:12:27,862 - INFO - WAIT: Esperando 30 segundos hasta pr鳥imo escaneo...
2025-06-23 11:12:57,863 - INFO - ==================================================
2025-06-23 11:12:57,863 - INFO - CYCLE: Iniciando nuevo ciclo de escaneo...
2025-06-23 11:12:58,108 - ERROR - ERROR: Error obteniendo posiciones: 'unrealizedPnl'
2025-06-23 11:12:58,109 - INFO - POSITIONS: Posiciones abiertas: 0
2025-06-23 11:12:58,331 - INFO - BALANCE: USDT disponible: $49.02
2025-06-23 11:12:58,331 - WARNING - WARNING: Capital insuficiente para operar. Balance: $49.02
2025-06-23 11:12:58,331 - INFO - TIMING: Ciclo completado en 0.47 segundos
2025-06-23 11:12:58,332 - INFO - WAIT: Esperando 30 segundos hasta pr鳥imo escaneo...
2025-06-23 11:13:28,332 - INFO - ==================================================
2025-06-23 11:13:28,333 - INFO - CYCLE: Iniciando nuevo ciclo de escaneo...
2025-06-23 11:13:28,578 - ERROR - ERROR: Error obteniendo posiciones: 'unrealizedPnl'
2025-06-23 11:13:28,579 - INFO - POSITIONS: Posiciones abiertas: 0
2025-06-23 11:13:28,797 - INFO - BALANCE: USDT disponible: $48.96
2025-06-23 11:13:28,797 - WARNING - WARNING: Capital insuficiente para operar. Balance: $48.96
2025-06-23 11:13:28,798 - INFO - TIMING: Ciclo completado en 0.47 segundos
2025-06-23 11:13:28,798 - INFO - WAIT: Esperando 30 segundos hasta pr鳥imo escaneo...
2025-06-23 11:13:58,799 - INFO - ==================================================
2025-06-23 11:13:58,799 - INFO - CYCLE: Iniciando nuevo ciclo de escaneo...
2025-06-23 11:13:59,042 - ERROR - ERROR: Error obteniendo posiciones: 'unrealizedPnl'
2025-06-23 11:13:59,043 - INFO - POSITIONS: Posiciones abiertas: 0
2025-06-23 11:13:59,270 - INFO - BALANCE: USDT disponible: $48.87
2025-06-23 11:13:59,270 - WARNING - WARNING: Capital insuficiente para operar. Balance: $48.87
2025-06-23 11:13:59,271 - INFO - TIMING: Ciclo completado en 0.47 segundos
2025-06-23 11:13:59,271 - INFO - WAIT: Esperando 30 segundos hasta pr鳥imo escaneo...
2025-06-23 11:14:16,163 - INFO - STOP: Bot detenido por usuario
2025-06-23 11:14:37,325 - INFO - START: Iniciando Trading Bot Mejorado...
2025-06-23 11:14:37,363 - INFO - NETWORK: Conectividad a internet verificada
2025-06-23 11:14:37,364 - INFO - INIT: Variables de entorno cargadas correctamente
2025-06-23 11:14:37,667 - INFO - INIT: Cliente Binance inicializado
2025-06-23 11:14:37,668 - INFO - TEST: Probando conexi蚤 a Binance (intento 1/3)...
2025-06-23 11:14:37,896 - INFO - TEST: Hora del servidor Binance: 2025-06-23 11:14:38.744000
2025-06-23 11:14:38,175 - INFO - SUCCESS: Conexi蚤 a Binance Futures establecida correctamente
2025-06-23 11:14:38,176 - INFO - SUCCESS: Bot inicializado correctamente
2025-06-23 11:14:38,176 - INFO - ==================================================
2025-06-23 11:14:38,176 - INFO - CYCLE: Iniciando nuevo ciclo de escaneo...
2025-06-23 11:14:38,413 - INFO - POSITIONS: Posiciones abiertas: 3
2025-06-23 11:14:38,640 - INFO - BALANCE: USDT disponible: $48.72
2025-06-23 11:14:38,640 - WARNING - WARNING: Capital insuficiente para operar. Balance: $48.72
2025-06-23 11:14:38,641 - INFO - TIMING: Ciclo completado en 0.46 segundos
2025-06-23 11:14:38,641 - INFO - WAIT: Esperando 30 segundos hasta pr鳥imo escaneo...
2025-06-23 11:15:08,642 - INFO - ==================================================
2025-06-23 11:15:08,642 - INFO - CYCLE: Iniciando nuevo ciclo de escaneo...
2025-06-23 11:15:08,909 - INFO - POSITIONS: Posiciones abiertas: 3
2025-06-23 11:15:09,148 - INFO - BALANCE: USDT disponible: $48.69
2025-06-23 11:15:09,149 - WARNING - WARNING: Capital insuficiente para operar. Balance: $48.69
2025-06-23 11:15:09,149 - INFO - TIMING: Ciclo completado en 0.51 segundos
2025-06-23 11:15:09,150 - INFO - WAIT: Esperando 30 segundos hasta pr鳥imo escaneo...
2025-06-23 11:15:39,150 - INFO - ==================================================
2025-06-23 11:15:39,150 - INFO - CYCLE: Iniciando nuevo ciclo de escaneo...
2025-06-23 11:15:39,395 - INFO - POSITIONS: Posiciones abiertas: 3
2025-06-23 11:15:39,620 - INFO - BALANCE: USDT disponible: $50.69
2025-06-23 11:15:40,093 - INFO - SYMBOLS: 36 s庵bolos v涇idos encontrados
2025-06-23 11:15:40,095 - INFO - SCAN: Analizando 36 s庵bolos...
2025-06-23 11:15:40,550 - INFO - SIGNAL: SE헤L SHORT fuerte para SUIUSDT (7/9 condiciones)
2025-06-23 11:15:41,566 - INFO - SUCCESS: SE헤L ENVIADA: SUIUSDT | SELL
2025-06-23 11:15:48,987 - INFO - SIGNAL: SE헤L SHORT fuerte para AAVEUSDT (7/9 condiciones)
2025-06-23 11:15:49,852 - INFO - SUCCESS: SE헤L ENVIADA: AAVEUSDT | SELL
2025-06-23 11:15:51,854 - INFO - SUCCESS: Ciclo completado: 2 se人les enviadas
2025-06-23 11:15:51,855 - INFO - TIMING: Ciclo completado en 12.70 segundos
2025-06-23 11:15:51,856 - INFO - WAIT: Esperando 30 segundos hasta pr鳥imo escaneo...
2025-06-23 11:16:21,856 - INFO - ==================================================
2025-06-23 11:16:21,857 - INFO - CYCLE: Iniciando nuevo ciclo de escaneo...
2025-06-23 11:16:22,105 - INFO - POSITIONS: Posiciones abiertas: 4
2025-06-23 11:16:22,106 - INFO - LIMIT: L庵ite de operaciones abiertas alcanzado (4/4)
2025-06-23 11:16:22,106 - INFO - TIMING: Ciclo completado en 0.25 segundos
2025-06-23 11:16:22,106 - INFO - WAIT: Esperando 30 segundos hasta pr鳥imo escaneo...
2025-06-23 11:16:52,107 - INFO - ==================================================
2025-06-23 11:16:52,107 - INFO - CYCLE: Iniciando nuevo ciclo de escaneo...
2025-06-23 11:16:52,348 - INFO - POSITIONS: Posiciones abiertas: 4
2025-06-23 11:16:52,348 - INFO - LIMIT: L庵ite de operaciones abiertas alcanzado (4/4)
2025-06-23 11:16:52,349 - INFO - TIMING: Ciclo completado en 0.24 segundos
2025-06-23 11:16:52,349 - INFO - WAIT: Esperando 30 segundos hasta pr鳥imo escaneo...
2025-06-23 11:17:22,351 - INFO - ==================================================
2025-06-23 11:17:22,351 - INFO - CYCLE: Iniciando nuevo ciclo de escaneo...
2025-06-23 11:17:22,584 - INFO - POSITIONS: Posiciones abiertas: 4
2025-06-23 11:17:22,584 - INFO - LIMIT: L庵ite de operaciones abiertas alcanzado (4/4)
2025-06-23 11:17:22,584 - INFO - TIMING: Ciclo completado en 0.23 segundos
2025-06-23 11:17:22,584 - INFO - WAIT: Esperando 30 segundos hasta pr鳥imo escaneo...
2025-06-23 11:17:52,587 - INFO - ==================================================
2025-06-23 11:17:52,587 - INFO - CYCLE: Iniciando nuevo ciclo de escaneo...
2025-06-23 11:17:52,831 - INFO - POSITIONS: Posiciones abiertas: 4
2025-06-23 11:17:52,832 - INFO - LIMIT: L庵ite de operaciones abiertas alcanzado (4/4)
2025-06-23 11:17:52,832 - INFO - TIMING: Ciclo completado en 0.25 segundos
2025-06-23 11:17:52,833 - INFO - WAIT: Esperando 30 segundos hasta pr鳥imo escaneo...
2025-06-23 11:18:22,834 - INFO - ==================================================
2025-06-23 11:18:22,834 - INFO - CYCLE: Iniciando nuevo ciclo de escaneo...
2025-06-23 11:18:23,073 - INFO - POSITIONS: Posiciones abiertas: 4
2025-06-23 11:18:23,073 - INFO - LIMIT: L庵ite de operaciones abiertas alcanzado (4/4)
2025-06-23 11:18:23,074 - INFO - TIMING: Ciclo completado en 0.24 segundos
2025-06-23 11:18:23,074 - INFO - WAIT: Esperando 30 segundos hasta pr鳥imo escaneo...
2025-06-23 11:18:53,075 - INFO - ==================================================
2025-06-23 11:18:53,075 - INFO - CYCLE: Iniciando nuevo ciclo de escaneo...
2025-06-23 11:18:53,322 - INFO - POSITIONS: Posiciones abiertas: 4
2025-06-23 11:18:53,322 - INFO - LIMIT: L庵ite de operaciones abiertas alcanzado (4/4)
2025-06-23 11:18:53,322 - INFO - TIMING: Ciclo completado en 0.25 segundos
2025-06-23 11:18:53,322 - INFO - WAIT: Esperando 30 segundos hasta pr鳥imo escaneo...
2025-06-23 11:19:23,324 - INFO - ==================================================
2025-06-23 11:19:23,324 - INFO - CYCLE: Iniciando nuevo ciclo de escaneo...
2025-06-23 11:19:23,562 - INFO - POSITIONS: Posiciones abiertas: 4
2025-06-23 11:19:23,562 - INFO - LIMIT: L庵ite de operaciones abiertas alcanzado (4/4)
2025-06-23 11:19:23,563 - INFO - TIMING: Ciclo completado en 0.24 segundos
2025-06-23 11:19:23,563 - INFO - WAIT: Esperando 30 segundos hasta pr鳥imo escaneo...
2025-06-23 11:19:53,565 - INFO - ==================================================
2025-06-23 11:19:53,565 - INFO - CYCLE: Iniciando nuevo ciclo de escaneo...
2025-06-23 11:19:53,803 - INFO - POSITIONS: Posiciones abiertas: 4
2025-06-23 11:19:53,803 - INFO - LIMIT: L庵ite de operaciones abiertas alcanzado (4/4)
2025-06-23 11:19:53,804 - INFO - TIMING: Ciclo completado en 0.24 segundos
2025-06-23 11:19:53,804 - INFO - WAIT: Esperando 30 segundos hasta pr鳥imo escaneo...
2025-06-23 11:20:23,805 - INFO - ==================================================
2025-06-23 11:20:23,806 - INFO - CYCLE: Iniciando nuevo ciclo de escaneo...
2025-06-23 11:20:24,041 - INFO - POSITIONS: Posiciones abiertas: 4
2025-06-23 11:20:24,041 - INFO - LIMIT: L庵ite de operaciones abiertas alcanzado (4/4)
2025-06-23 11:20:24,042 - INFO - TIMING: Ciclo completado en 0.24 segundos
2025-06-23 11:20:24,042 - INFO - WAIT: Esperando 30 segundos hasta pr鳥imo escaneo...
2025-06-23 11:20:54,044 - INFO - ==================================================
2025-06-23 11:20:54,044 - INFO - CYCLE: Iniciando nuevo ciclo de escaneo...
2025-06-23 11:20:54,288 - INFO - POSITIONS: Posiciones abiertas: 4
2025-06-23 11:20:54,288 - INFO - LIMIT: L庵ite de operaciones abiertas alcanzado (4/4)
2025-06-23 11:20:54,289 - INFO - TIMING: Ciclo completado en 0.25 segundos
2025-06-23 11:20:54,289 - INFO - WAIT: Esperando 30 segundos hasta pr鳥imo escaneo...
2025-06-23 11:21:24,291 - INFO - ==================================================
2025-06-23 11:21:24,291 - INFO - CYCLE: Iniciando nuevo ciclo de escaneo...
2025-06-23 11:21:24,536 - INFO - POSITIONS: Posiciones abiertas: 4
2025-06-23 11:21:24,537 - INFO - LIMIT: L庵ite de operaciones abiertas alcanzado (4/4)
2025-06-23 11:21:24,537 - INFO - TIMING: Ciclo completado en 0.25 segundos
2025-06-23 11:21:24,537 - INFO - WAIT: Esperando 30 segundos hasta pr鳥imo escaneo...
2025-06-23 11:21:54,539 - INFO - ==================================================
2025-06-23 11:21:54,539 - INFO - CYCLE: Iniciando nuevo ciclo de escaneo...
2025-06-23 11:21:54,780 - INFO - POSITIONS: Posiciones abiertas: 4
2025-06-23 11:21:54,780 - INFO - LIMIT: L庵ite de operaciones abiertas alcanzado (4/4)
2025-06-23 11:21:54,780 - INFO - TIMING: Ciclo completado en 0.24 segundos
2025-06-23 11:21:54,780 - INFO - WAIT: Esperando 30 segundos hasta pr鳥imo escaneo...
2025-06-23 11:22:24,782 - INFO - ==================================================
2025-06-23 11:22:24,782 - INFO - CYCLE: Iniciando nuevo ciclo de escaneo...
2025-06-23 11:22:25,030 - INFO - POSITIONS: Posiciones abiertas: 4
2025-06-23 11:22:25,030 - INFO - LIMIT: L庵ite de operaciones abiertas alcanzado (4/4)
2025-06-23 11:22:25,031 - INFO - TIMING: Ciclo completado en 0.25 segundos
2025-06-23 11:22:25,031 - INFO - WAIT: Esperando 30 segundos hasta pr鳥imo escaneo...
2025-06-23 11:22:55,032 - INFO - ==================================================
2025-06-23 11:22:55,032 - INFO - CYCLE: Iniciando nuevo ciclo de escaneo...
2025-06-23 11:22:55,274 - INFO - POSITIONS: Posiciones abiertas: 4
2025-06-23 11:22:55,274 - INFO - LIMIT: L庵ite de operaciones abiertas alcanzado (4/4)
2025-06-23 11:22:55,275 - INFO - TIMING: Ciclo completado en 0.24 segundos
2025-06-23 11:22:55,275 - INFO - WAIT: Esperando 30 segundos hasta pr鳥imo escaneo...
2025-06-23 11:23:25,276 - INFO - ==================================================
2025-06-23 11:23:25,276 - INFO - CYCLE: Iniciando nuevo ciclo de escaneo...
2025-06-23 11:23:25,518 - INFO - POSITIONS: Posiciones abiertas: 4
2025-06-23 11:23:25,518 - INFO - LIMIT: L庵ite de operaciones abiertas alcanzado (4/4)
2025-06-23 11:23:25,519 - INFO - TIMING: Ciclo completado en 0.24 segundos
2025-06-23 11:23:25,519 - INFO - WAIT: Esperando 30 segundos hasta pr鳥imo escaneo...
2025-06-23 11:23:55,520 - INFO - ==================================================
2025-06-23 11:23:55,520 - INFO - CYCLE: Iniciando nuevo ciclo de escaneo...
2025-06-23 11:23:55,766 - INFO - POSITIONS: Posiciones abiertas: 4
2025-06-23 11:23:55,766 - INFO - LIMIT: L庵ite de operaciones abiertas alcanzado (4/4)
2025-06-23 11:23:55,766 - INFO - TIMING: Ciclo completado en 0.25 segundos
2025-06-23 11:23:55,766 - INFO - WAIT: Esperando 30 segundos hasta pr鳥imo escaneo...
2025-06-23 11:24:25,769 - INFO - ==================================================
2025-06-23 11:24:25,769 - INFO - CYCLE: Iniciando nuevo ciclo de escaneo...
2025-06-23 11:24:26,009 - INFO - POSITIONS: Posiciones abiertas: 4
2025-06-23 11:24:26,009 - INFO - LIMIT: L庵ite de operaciones abiertas alcanzado (4/4)
2025-06-23 11:24:26,009 - INFO - TIMING: Ciclo completado en 0.24 segundos
2025-06-23 11:24:26,009 - INFO - WAIT: Esperando 30 segundos hasta pr鳥imo escaneo...
2025-06-23 11:24:56,012 - INFO - ==================================================
2025-06-23 11:24:56,012 - INFO - CYCLE: Iniciando nuevo ciclo de escaneo...
2025-06-23 11:24:56,280 - INFO - POSITIONS: Posiciones abiertas: 4
2025-06-23 11:24:56,280 - INFO - LIMIT: L庵ite de operaciones abiertas alcanzado (4/4)
2025-06-23 11:24:56,280 - INFO - TIMING: Ciclo completado en 0.27 segundos
2025-06-23 11:24:56,280 - INFO - WAIT: Esperando 30 segundos hasta pr鳥imo escaneo...
2025-06-23 11:25:26,282 - INFO - ==================================================
2025-06-23 11:25:26,283 - INFO - CYCLE: Iniciando nuevo ciclo de escaneo...
2025-06-23 11:25:26,523 - INFO - POSITIONS: Posiciones abiertas: 4
2025-06-23 11:25:26,527 - INFO - LIMIT: L庵ite de operaciones abiertas alcanzado (4/4)
2025-06-23 11:25:26,527 - INFO - TIMING: Ciclo completado en 0.25 segundos
2025-06-23 11:25:26,527 - INFO - WAIT: Esperando 30 segundos hasta pr鳥imo escaneo...
2025-06-23 11:25:31,178 - INFO - STOP: Bot detenido por usuario
2025-06-23 11:25:49,085 - INFO - START: Iniciando Trading Bot Mejorado...
2025-06-23 11:25:49,107 - INFO - NETWORK: Conectividad a internet verificada
2025-06-23 11:25:49,108 - INFO - INIT: Variables de entorno cargadas correctamente
2025-06-23 11:25:49,416 - INFO - INIT: Cliente Binance inicializado
2025-06-23 11:25:49,416 - INFO - TEST: Probando conexi蚤 a Binance (intento 1/3)...
2025-06-23 11:25:49,641 - INFO - TEST: Hora del servidor Binance: 2025-06-23 11:25:50.477000
2025-06-23 11:25:49,925 - INFO - SUCCESS: Conexi蚤 a Binance Futures establecida correctamente
2025-06-23 11:25:49,925 - INFO - SUCCESS: Bot inicializado correctamente
2025-06-23 11:25:49,928 - INFO - ==================================================
2025-06-23 11:25:49,928 - INFO - CYCLE: Iniciando nuevo ciclo de escaneo...
2025-06-23 11:25:50,172 - INFO - POSITIONS: Posiciones abiertas: 4
2025-06-23 11:25:50,172 - INFO - LIMIT: L庵ite de operaciones abiertas alcanzado (4/4)
2025-06-23 11:25:50,172 - INFO - TIMING: Ciclo completado en 0.24 segundos
2025-06-23 11:25:50,172 - INFO - WAIT: Esperando 30 segundos hasta pr鳥imo escaneo...
2025-06-23 11:26:20,176 - INFO - ==================================================
2025-06-23 11:26:20,176 - INFO - CYCLE: Iniciando nuevo ciclo de escaneo...
2025-06-23 11:26:20,417 - INFO - POSITIONS: Posiciones abiertas: 4
2025-06-23 11:26:20,417 - INFO - LIMIT: L庵ite de operaciones abiertas alcanzado (4/4)
2025-06-23 11:26:20,417 - INFO - TIMING: Ciclo completado en 0.24 segundos
2025-06-23 11:26:20,418 - INFO - WAIT: Esperando 30 segundos hasta pr鳥imo escaneo...
2025-06-23 11:26:50,419 - INFO - ==================================================
2025-06-23 11:26:50,419 - INFO - CYCLE: Iniciando nuevo ciclo de escaneo...
2025-06-23 11:26:50,659 - INFO - POSITIONS: Posiciones abiertas: 4
2025-06-23 11:26:50,659 - INFO - LIMIT: L庵ite de operaciones abiertas alcanzado (4/4)
2025-06-23 11:26:50,660 - INFO - TIMING: Ciclo completado en 0.24 segundos
2025-06-23 11:26:50,660 - INFO - WAIT: Esperando 30 segundos hasta pr鳥imo escaneo...
2025-06-23 11:27:20,661 - INFO - ==================================================
2025-06-23 11:27:20,661 - INFO - CYCLE: Iniciando nuevo ciclo de escaneo...
2025-06-23 11:27:20,906 - INFO - POSITIONS: Posiciones abiertas: 4
2025-06-23 11:27:20,907 - INFO - LIMIT: L庵ite de operaciones abiertas alcanzado (4/4)
2025-06-23 11:27:20,907 - INFO - TIMING: Ciclo completado en 0.25 segundos
2025-06-23 11:27:20,907 - INFO - WAIT: Esperando 30 segundos hasta pr鳥imo escaneo...
2025-06-23 11:27:50,908 - INFO - ==================================================
2025-06-23 11:27:50,908 - INFO - CYCLE: Iniciando nuevo ciclo de escaneo...
2025-06-23 11:27:51,147 - INFO - POSITIONS: Posiciones abiertas: 3
2025-06-23 11:27:51,381 - INFO - BALANCE: USDT disponible: $50.30
2025-06-23 11:27:52,302 - INFO - BALANCE: USDT disponible: $50.31
2025-06-23 11:28:00,817 - INFO - SYMBOLS: 33 s庵bolos v涇idos encontrados
2025-06-23 11:28:00,824 - INFO - SCAN: Analizando 33 s庵bolos...
2025-06-23 11:28:13,662 - ERROR - ERROR: Error en an涇isis t匐nico para SUIUSDT: 'TradingBot' object has no attribute '_can_send_signal'
2025-06-23 11:28:38,356 - ERROR - ERROR: Error en an涇isis t匐nico para HYPEUSDT: 'TradingBot' object has no attribute '_can_send_signal'
2025-06-23 11:28:45,806 - ERROR - ERROR: Error en an涇isis t匐nico para BCHUSDT: 'TradingBot' object has no attribute '_can_send_signal'
2025-06-23 11:28:50,728 - ERROR - ERROR: Error en an涇isis t匐nico para UNIUSDT: 'TradingBot' object has no attribute '_can_send_signal'
2025-06-23 11:29:18,289 - ERROR - ERROR: Error en an涇isis t匐nico para XRPUSDT: 'TradingBot' object has no attribute '_can_send_signal'
2025-06-23 11:29:20,289 - INFO - SCAN: No se encontraron se人les v涇idas en este ciclo
2025-06-23 11:29:20,289 - INFO - TIMING: Ciclo completado en 89.38 segundos
2025-06-23 11:29:20,290 - INFO - WAIT: Esperando 30 segundos hasta pr鳥imo escaneo...
2025-06-23 11:29:50,292 - INFO - ==================================================
2025-06-23 11:29:50,292 - INFO - CYCLE: Iniciando nuevo ciclo de escaneo...
2025-06-23 11:29:50,546 - INFO - POSITIONS: Posiciones abiertas: 3
2025-06-23 11:29:50,773 - INFO - BALANCE: USDT disponible: $49.88
2025-06-23 11:29:50,773 - WARNING - WARNING: Capital insuficiente para operar. Balance: $49.88
2025-06-23 11:29:50,773 - INFO - TIMING: Ciclo completado en 0.48 segundos
2025-06-23 11:29:50,773 - INFO - WAIT: Esperando 30 segundos hasta pr鳥imo escaneo...
2025-06-23 11:30:20,775 - INFO - ==================================================
2025-06-23 11:30:20,775 - INFO - CYCLE: Iniciando nuevo ciclo de escaneo...
2025-06-23 11:30:21,018 - INFO - POSITIONS: Posiciones abiertas: 3
2025-06-23 11:30:21,263 - INFO - BALANCE: USDT disponible: $49.80
2025-06-23 11:30:21,263 - WARNING - WARNING: Capital insuficiente para operar. Balance: $49.80
2025-06-23 11:30:21,263 - INFO - TIMING: Ciclo completado en 0.49 segundos
2025-06-23 11:30:21,263 - INFO - WAIT: Esperando 30 segundos hasta pr鳥imo escaneo...
2025-06-23 11:30:51,266 - INFO - ==================================================
2025-06-23 11:30:51,266 - INFO - CYCLE: Iniciando nuevo ciclo de escaneo...
2025-06-23 11:30:51,502 - INFO - POSITIONS: Posiciones abiertas: 3
2025-06-23 11:30:51,732 - INFO - BALANCE: USDT disponible: $50.12
2025-06-23 11:30:52,654 - INFO - BALANCE: USDT disponible: $50.13
2025-06-23 11:31:00,871 - INFO - SYMBOLS: 33 s庵bolos v涇idos encontrados
2025-06-23 11:31:00,873 - INFO - SCAN: Analizando 33 s庵bolos...
2025-06-23 11:31:03,813 - ERROR - ERROR: Error en an涇isis t匐nico para SOLUSDT: 'TradingBot' object has no attribute '_can_send_signal'
2025-06-23 11:31:06,269 - ERROR - ERROR: Error en an涇isis t匐nico para LINKUSDT: 'TradingBot' object has no attribute '_can_send_signal'
2025-06-23 11:31:13,653 - ERROR - ERROR: Error en an涇isis t匐nico para HYPEUSDT: 'TradingBot' object has no attribute '_can_send_signal'
2025-06-23 11:31:33,346 - ERROR - ERROR: Error en an涇isis t匐nico para SUIUSDT: 'TradingBot' object has no attribute '_can_send_signal'
2025-06-23 11:31:40,738 - ERROR - ERROR: Error en an涇isis t匐nico para DOTUSDT: 'TradingBot' object has no attribute '_can_send_signal'
2025-06-23 11:31:55,529 - ERROR - ERROR: Error en an涇isis t匐nico para XRPUSDT: 'TradingBot' object has no attribute '_can_send_signal'
2025-06-23 11:32:17,716 - ERROR - ERROR: Error en an涇isis t匐nico para UNIUSDT: 'TradingBot' object has no attribute '_can_send_signal'
2025-06-23 11:32:19,718 - INFO - SCAN: No se encontraron se人les v涇idas en este ciclo
2025-06-23 11:32:19,718 - INFO - TIMING: Ciclo completado en 88.45 segundos
2025-06-23 11:32:19,718 - INFO - WAIT: Esperando 30 segundos hasta pr鳥imo escaneo...
2025-06-23 11:32:49,720 - INFO - ==================================================
2025-06-23 11:32:49,720 - INFO - CYCLE: Iniciando nuevo ciclo de escaneo...
2025-06-23 11:32:49,966 - INFO - POSITIONS: Posiciones abiertas: 3
2025-06-23 11:32:50,189 - INFO - BALANCE: USDT disponible: $49.90
2025-06-23 11:32:50,193 - WARNING - WARNING: Capital insuficiente para operar. Balance: $49.90
2025-06-23 11:32:50,193 - INFO - TIMING: Ciclo completado en 0.47 segundos
2025-06-23 11:32:50,193 - INFO - WAIT: Esperando 30 segundos hasta pr鳥imo escaneo...
2025-06-23 11:33:20,195 - INFO - ==================================================
2025-06-23 11:33:20,196 - INFO - CYCLE: Iniciando nuevo ciclo de escaneo...
2025-06-23 11:33:20,443 - INFO - POSITIONS: Posiciones abiertas: 3
2025-06-23 11:33:20,667 - INFO - BALANCE: USDT disponible: $49.89
2025-06-23 11:33:20,667 - WARNING - WARNING: Capital insuficiente para operar. Balance: $49.89
2025-06-23 11:33:20,667 - INFO - TIMING: Ciclo completado en 0.47 segundos
2025-06-23 11:33:20,667 - INFO - WAIT: Esperando 30 segundos hasta pr鳥imo escaneo...
2025-06-23 11:33:50,671 - INFO - ==================================================
2025-06-23 11:33:50,671 - INFO - CYCLE: Iniciando nuevo ciclo de escaneo...
2025-06-23 11:33:50,910 - INFO - POSITIONS: Posiciones abiertas: 3
2025-06-23 11:33:51,137 - INFO - BALANCE: USDT disponible: $49.95
2025-06-23 11:33:51,137 - WARNING - WARNING: Capital insuficiente para operar. Balance: $49.95
2025-06-23 11:33:51,137 - INFO - TIMING: Ciclo completado en 0.47 segundos
2025-06-23 11:33:51,137 - INFO - WAIT: Esperando 30 segundos hasta pr鳥imo escaneo...
2025-06-23 11:34:21,142 - INFO - ==================================================
2025-06-23 11:34:21,142 - INFO - CYCLE: Iniciando nuevo ciclo de escaneo...
2025-06-23 11:34:21,383 - INFO - POSITIONS: Posiciones abiertas: 3
2025-06-23 11:34:21,608 - INFO - BALANCE: USDT disponible: $49.51
2025-06-23 11:34:21,608 - WARNING - WARNING: Capital insuficiente para operar. Balance: $49.51
2025-06-23 11:34:21,610 - INFO - TIMING: Ciclo completado en 0.47 segundos
2025-06-23 11:34:21,610 - INFO - WAIT: Esperando 30 segundos hasta pr鳥imo escaneo...
2025-06-23 11:34:51,611 - INFO - ==================================================
2025-06-23 11:34:51,611 - INFO - CYCLE: Iniciando nuevo ciclo de escaneo...
2025-06-23 11:34:51,883 - INFO - POSITIONS: Posiciones abiertas: 3
2025-06-23 11:34:52,109 - INFO - BALANCE: USDT disponible: $49.47
2025-06-23 11:34:52,109 - WARNING - WARNING: Capital insuficiente para operar. Balance: $49.47
2025-06-23 11:34:52,109 - INFO - TIMING: Ciclo completado en 0.50 segundos
2025-06-23 11:34:52,109 - INFO - WAIT: Esperando 30 segundos hasta pr鳥imo escaneo...
2025-06-23 11:35:22,113 - INFO - ==================================================
2025-06-23 11:35:22,113 - INFO - CYCLE: Iniciando nuevo ciclo de escaneo...
2025-06-23 11:35:22,357 - INFO - POSITIONS: Posiciones abiertas: 3
2025-06-23 11:35:22,587 - INFO - BALANCE: USDT disponible: $49.45
2025-06-23 11:35:22,587 - WARNING - WARNING: Capital insuficiente para operar. Balance: $49.45
2025-06-23 11:35:22,590 - INFO - TIMING: Ciclo completado en 0.48 segundos
2025-06-23 11:35:22,590 - INFO - WAIT: Esperando 30 segundos hasta pr鳥imo escaneo...
2025-06-23 11:35:52,591 - INFO - ==================================================
2025-06-23 11:35:52,592 - INFO - CYCLE: Iniciando nuevo ciclo de escaneo...
2025-06-23 11:35:52,846 - INFO - POSITIONS: Posiciones abiertas: 3
2025-06-23 11:35:53,072 - INFO - BALANCE: USDT disponible: $49.52
2025-06-23 11:35:53,073 - WARNING - WARNING: Capital insuficiente para operar. Balance: $49.52
2025-06-23 11:35:53,073 - INFO - TIMING: Ciclo completado en 0.48 segundos
2025-06-23 11:35:53,073 - INFO - WAIT: Esperando 30 segundos hasta pr鳥imo escaneo...
2025-06-23 11:36:23,075 - INFO - ==================================================
2025-06-23 11:36:23,075 - INFO - CYCLE: Iniciando nuevo ciclo de escaneo...
2025-06-23 11:36:23,314 - INFO - POSITIONS: Posiciones abiertas: 3
2025-06-23 11:36:23,590 - INFO - BALANCE: USDT disponible: $49.43
2025-06-23 11:36:23,590 - WARNING - WARNING: Capital insuficiente para operar. Balance: $49.43
2025-06-23 11:36:23,590 - INFO - TIMING: Ciclo completado en 0.52 segundos
2025-06-23 11:36:23,590 - INFO - WAIT: Esperando 30 segundos hasta pr鳥imo escaneo...
2025-06-23 11:36:53,593 - INFO - ==================================================
2025-06-23 11:36:53,593 - INFO - CYCLE: Iniciando nuevo ciclo de escaneo...
2025-06-23 11:36:53,836 - INFO - POSITIONS: Posiciones abiertas: 3
2025-06-23 11:36:54,077 - INFO - BALANCE: USDT disponible: $49.14
2025-06-23 11:36:54,077 - WARNING - WARNING: Capital insuficiente para operar. Balance: $49.14
2025-06-23 11:36:54,079 - INFO - TIMING: Ciclo completado en 0.49 segundos
2025-06-23 11:36:54,079 - INFO - WAIT: Esperando 30 segundos hasta pr鳥imo escaneo...
2025-06-23 11:37:24,080 - INFO - ==================================================
2025-06-23 11:37:24,080 - INFO - CYCLE: Iniciando nuevo ciclo de escaneo...
2025-06-23 11:37:24,323 - INFO - POSITIONS: Posiciones abiertas: 3
2025-06-23 11:37:24,998 - INFO - BALANCE: USDT disponible: $49.12
2025-06-23 11:37:24,999 - WARNING - WARNING: Capital insuficiente para operar. Balance: $49.12
2025-06-23 11:37:24,999 - INFO - TIMING: Ciclo completado en 0.92 segundos
2025-06-23 11:37:24,999 - INFO - WAIT: Esperando 30 segundos hasta pr鳥imo escaneo...
2025-06-23 11:37:55,001 - INFO - ==================================================
2025-06-23 11:37:55,001 - INFO - CYCLE: Iniciando nuevo ciclo de escaneo...
2025-06-23 11:37:55,246 - INFO - POSITIONS: Posiciones abiertas: 3
2025-06-23 11:37:55,550 - INFO - BALANCE: USDT disponible: $49.52
2025-06-23 11:37:55,550 - WARNING - WARNING: Capital insuficiente para operar. Balance: $49.52
2025-06-23 11:37:55,550 - INFO - TIMING: Ciclo completado en 0.55 segundos
2025-06-23 11:37:55,550 - INFO - WAIT: Esperando 30 segundos hasta pr鳥imo escaneo...
2025-06-23 11:38:25,554 - INFO - ==================================================
2025-06-23 11:38:25,554 - INFO - CYCLE: Iniciando nuevo ciclo de escaneo...
2025-06-23 11:38:25,794 - INFO - POSITIONS: Posiciones abiertas: 3
2025-06-23 11:38:26,020 - INFO - BALANCE: USDT disponible: $49.58
2025-06-23 11:38:26,020 - WARNING - WARNING: Capital insuficiente para operar. Balance: $49.58
2025-06-23 11:38:26,022 - INFO - TIMING: Ciclo completado en 0.47 segundos
2025-06-23 11:38:26,022 - INFO - WAIT: Esperando 30 segundos hasta pr鳥imo escaneo...
2025-06-23 11:38:56,023 - INFO - ==================================================
2025-06-23 11:38:56,023 - INFO - CYCLE: Iniciando nuevo ciclo de escaneo...
2025-06-23 11:38:56,267 - INFO - POSITIONS: Posiciones abiertas: 3
2025-06-23 11:38:56,509 - INFO - BALANCE: USDT disponible: $49.79
2025-06-23 11:38:56,509 - WARNING - WARNING: Capital insuficiente para operar. Balance: $49.79
2025-06-23 11:38:56,509 - INFO - TIMING: Ciclo completado en 0.49 segundos
2025-06-23 11:38:56,509 - INFO - WAIT: Esperando 30 segundos hasta pr鳥imo escaneo...
2025-06-23 11:39:26,512 - INFO - ==================================================
2025-06-23 11:39:26,512 - INFO - CYCLE: Iniciando nuevo ciclo de escaneo...
2025-06-23 11:39:26,759 - INFO - POSITIONS: Posiciones abiertas: 3
2025-06-23 11:39:26,982 - INFO - BALANCE: USDT disponible: $50.48
2025-06-23 11:39:28,109 - INFO - BALANCE: USDT disponible: $50.50
2025-06-23 11:39:36,693 - INFO - SYMBOLS: 33 s庵bolos v涇idos encontrados
2025-06-23 11:39:36,695 - INFO - SCAN: Analizando 33 s庵bolos...
2025-06-23 11:39:37,150 - ERROR - ERROR: Error en an涇isis t匐nico para DOGEUSDT: 'TradingBot' object has no attribute '_can_send_signal'
2025-06-23 11:39:42,067 - ERROR - ERROR: Error en an涇isis t匐nico para FILUSDT: 'TradingBot' object has no attribute '_can_send_signal'
2025-06-23 11:39:44,518 - ERROR - ERROR: Error en an涇isis t匐nico para LTCUSDT: 'TradingBot' object has no attribute '_can_send_signal'
2025-06-23 11:39:46,973 - ERROR - ERROR: Error en an涇isis t匐nico para WIFUSDT: 'TradingBot' object has no attribute '_can_send_signal'
2025-06-23 11:39:51,892 - ERROR - ERROR: Error en an涇isis t匐nico para ENAUSDT: 'TradingBot' object has no attribute '_can_send_signal'
2025-06-23 11:39:54,356 - ERROR - ERROR: Error en an涇isis t匐nico para LINKUSDT: 'TradingBot' object has no attribute '_can_send_signal'
2025-06-23 11:40:01,748 - ERROR - ERROR: Error en an涇isis t匐nico para ADAUSDT: 'TradingBot' object has no attribute '_can_send_signal'
2025-06-23 11:40:04,210 - ERROR - ERROR: Error en an涇isis t匐nico para SOLUSDT: 'TradingBot' object has no attribute '_can_send_signal'
2025-06-23 11:40:09,159 - ERROR - ERROR: Error en an涇isis t匐nico para LAYERUSDT: 'TradingBot' object has no attribute '_can_send_signal'
2025-06-23 11:40:11,624 - ERROR - ERROR: Error en an涇isis t匐nico para SUIUSDT: 'TradingBot' object has no attribute '_can_send_signal'
2025-06-23 11:40:16,558 - ERROR - ERROR: Error en an涇isis t匐nico para UNIUSDT: 'TradingBot' object has no attribute '_can_send_signal'
2025-06-23 11:40:23,941 - ERROR - ERROR: Error en an涇isis t匐nico para BNBUSDT: 'TradingBot' object has no attribute '_can_send_signal'
2025-06-23 11:40:26,410 - ERROR - ERROR: Error en an涇isis t匐nico para XRPUSDT: 'TradingBot' object has no attribute '_can_send_signal'
2025-06-23 11:40:28,872 - ERROR - ERROR: Error en an涇isis t匐nico para TRUMPUSDT: 'TradingBot' object has no attribute '_can_send_signal'
2025-06-23 11:40:31,338 - ERROR - ERROR: Error en an涇isis t匐nico para ETHUSDT: 'TradingBot' object has no attribute '_can_send_signal'
2025-06-23 11:40:36,262 - ERROR - ERROR: Error en an涇isis t匐nico para SPXUSDT: 'TradingBot' object has no attribute '_can_send_signal'
2025-06-23 11:40:41,225 - ERROR - ERROR: Error en an涇isis t匐nico para BCHUSDT: 'TradingBot' object has no attribute '_can_send_signal'
2025-06-23 11:40:46,152 - ERROR - ERROR: Error en an涇isis t匐nico para HYPEUSDT: 'TradingBot' object has no attribute '_can_send_signal'
2025-06-23 11:40:51,071 - ERROR - ERROR: Error en an涇isis t匐nico para FARTCOINUSDT: 'TradingBot' object has no attribute '_can_send_signal'
2025-06-23 11:40:55,532 - INFO - SCAN: No se encontraron se人les v涇idas en este ciclo
2025-06-23 11:40:55,533 - INFO - TIMING: Ciclo completado en 89.02 segundos
2025-06-23 11:40:55,533 - INFO - WAIT: Esperando 30 segundos hasta pr鳥imo escaneo...
2025-06-23 11:41:25,534 - INFO - ==================================================
2025-06-23 11:41:25,535 - INFO - CYCLE: Iniciando nuevo ciclo de escaneo...
2025-06-23 11:41:25,778 - INFO - POSITIONS: Posiciones abiertas: 3
2025-06-23 11:41:26,004 - INFO - BALANCE: USDT disponible: $50.99
2025-06-23 11:41:26,913 - INFO - BALANCE: USDT disponible: $50.96
2025-06-23 11:41:35,018 - INFO - SYMBOLS: 33 s庵bolos v涇idos encontrados
2025-06-23 11:41:35,020 - INFO - SCAN: Analizando 33 s庵bolos...
2025-06-23 11:41:42,906 - ERROR - ERROR: Error en an涇isis t匐nico para DOGEUSDT: 'TradingBot' object has no attribute '_can_send_signal'
2025-06-23 11:41:50,283 - ERROR - ERROR: Error en an涇isis t匐nico para BCHUSDT: 'TradingBot' object has no attribute '_can_send_signal'
2025-06-23 11:41:55,202 - ERROR - ERROR: Error en an涇isis t匐nico para WIFUSDT: 'TradingBot' object has no attribute '_can_send_signal'
2025-06-23 11:42:00,123 - ERROR - ERROR: Error en an涇isis t匐nico para SOLUSDT: 'TradingBot' object has no attribute '_can_send_signal'
2025-06-23 11:42:02,583 - ERROR - ERROR: Error en an涇isis t匐nico para FILUSDT: 'TradingBot' object has no attribute '_can_send_signal'
2025-06-23 11:42:05,041 - ERROR - ERROR: Error en an涇isis t匐nico para ENAUSDT: 'TradingBot' object has no attribute '_can_send_signal'
2025-06-23 11:42:09,953 - ERROR - ERROR: Error en an涇isis t匐nico para ETHUSDT: 'TradingBot' object has no attribute '_can_send_signal'
2025-06-23 11:42:12,409 - ERROR - ERROR: Error en an涇isis t匐nico para LINKUSDT: 'TradingBot' object has no attribute '_can_send_signal'
2025-06-23 11:42:14,875 - ERROR - ERROR: Error en an涇isis t匐nico para UNIUSDT: 'TradingBot' object has no attribute '_can_send_signal'
2025-06-23 11:42:17,333 - ERROR - ERROR: Error en an涇isis t匐nico para DOTUSDT: 'TradingBot' object has no attribute '_can_send_signal'
2025-06-23 11:42:19,833 - ERROR - ERROR: Error en an涇isis t匐nico para FARTCOINUSDT: 'TradingBot' object has no attribute '_can_send_signal'
2025-06-23 11:42:22,293 - ERROR - ERROR: Error en an涇isis t匐nico para LTCUSDT: 'TradingBot' object has no attribute '_can_send_signal'
2025-06-23 11:42:24,755 - ERROR - ERROR: Error en an涇isis t匐nico para LAYERUSDT: 'TradingBot' object has no attribute '_can_send_signal'
2025-06-23 11:42:27,212 - ERROR - ERROR: Error en an涇isis t匐nico para SUIUSDT: 'TradingBot' object has no attribute '_can_send_signal'
2025-06-23 11:42:34,590 - ERROR - ERROR: Error en an涇isis t匐nico para NEARUSDT: 'TradingBot' object has no attribute '_can_send_signal'
2025-06-23 11:42:37,047 - ERROR - ERROR: Error en an涇isis t匐nico para TRUMPUSDT: 'TradingBot' object has no attribute '_can_send_signal'
2025-06-23 11:42:39,512 - ERROR - ERROR: Error en an涇isis t匐nico para ADAUSDT: 'TradingBot' object has no attribute '_can_send_signal'
2025-06-23 11:42:41,976 - ERROR - ERROR: Error en an涇isis t匐nico para XRPUSDT: 'TradingBot' object has no attribute '_can_send_signal'
2025-06-23 11:42:46,904 - ERROR - ERROR: Error en an涇isis t匐nico para HYPEUSDT: 'TradingBot' object has no attribute '_can_send_signal'
2025-06-23 11:42:49,365 - ERROR - ERROR: Error en an涇isis t匐nico para SPXUSDT: 'TradingBot' object has no attribute '_can_send_signal'
2025-06-23 11:42:51,066 - INFO - STOP: Bot detenido por usuario
2025-06-23 11:46:46,463 - INFO - START: Iniciando Trading Bot Mejorado...
2025-06-23 11:46:46,501 - INFO - NETWORK: Conectividad a internet verificada
2025-06-23 11:46:46,502 - INFO - INIT: Variables de entorno cargadas correctamente
2025-06-23 11:46:46,816 - INFO - INIT: Cliente Binance inicializado
2025-06-23 11:46:46,816 - INFO - TEST: Probando conexi蚤 a Binance (intento 1/3)...
2025-06-23 11:46:47,038 - INFO - TEST: Hora del servidor Binance: 2025-06-23 11:46:47.858000
2025-06-23 11:46:47,837 - INFO - SUCCESS: Conexi蚤 a Binance Futures establecida correctamente
2025-06-23 11:46:47,838 - INFO - SUCCESS: Bot inicializado correctamente
2025-06-23 11:46:47,838 - INFO - ==================================================
2025-06-23 11:46:47,838 - INFO - CYCLE: Iniciando nuevo ciclo de escaneo...
2025-06-23 11:46:48,107 - INFO - POSITIONS: Posiciones abiertas: 3
2025-06-23 11:46:48,358 - INFO - BALANCE: USDT total: $74.6159
2025-06-23 11:46:48,358 - INFO - BALANCE: USDT disponible: $51.5958
2025-06-23 11:46:49,454 - INFO - BALANCE: USDT total: $74.6159
2025-06-23 11:46:49,454 - INFO - BALANCE: USDT disponible: $51.6363
2025-06-23 11:46:58,946 - INFO - SYMBOLS: 34 s庵bolos v涇idos encontrados
2025-06-23 11:46:58,948 - INFO - SCAN: Analizando 34 s庵bolos...
2025-06-23 11:46:59,465 - INFO - SIGNAL: SE헤L SHORT fuerte para LINKUSDT (8/9 condiciones)
2025-06-23 11:47:00,552 - INFO - SUCCESS: SE헤L ENVIADA: LINKUSDT | SELL
2025-06-23 11:47:03,063 - INFO - SIGNAL: SE헤L SHORT fuerte para WIFUSDT (8/9 condiciones)
2025-06-23 11:47:03,889 - INFO - SUCCESS: SE헤L ENVIADA: WIFUSDT | SELL
2025-06-23 11:47:05,891 - INFO - SUCCESS: Ciclo completado: 2 se人les enviadas
2025-06-23 11:47:05,891 - INFO - TIMING: Ciclo completado en 18.05 segundos
2025-06-23 11:47:05,891 - INFO - WAIT: Esperando 30 segundos hasta pr鳥imo escaneo...
2025-06-23 11:47:35,893 - INFO - ==================================================
2025-06-23 11:47:35,893 - INFO - CYCLE: Iniciando nuevo ciclo de escaneo...
2025-06-23 11:47:36,158 - INFO - POSITIONS: Posiciones abiertas: 3
2025-06-23 11:47:36,428 - INFO - BALANCE: USDT total: $74.6159
2025-06-23 11:47:36,428 - INFO - BALANCE: USDT disponible: $51.5343
2025-06-23 11:47:37,211 - INFO - BALANCE: USDT total: $74.6159
2025-06-23 11:47:37,211 - INFO - BALANCE: USDT disponible: $51.5086
2025-06-23 11:47:46,642 - INFO - SYMBOLS: 34 s庵bolos v涇idos encontrados
2025-06-23 11:47:46,649 - INFO - SCAN: Analizando 34 s庵bolos...
2025-06-23 11:47:47,158 - INFO - SIGNAL: SE헤L SHORT fuerte para XRPUSDT (7/9 condiciones)
2025-06-23 11:47:47,964 - INFO - SUCCESS: SE헤L ENVIADA: XRPUSDT | SELL
2025-06-23 11:47:50,480 - INFO - SIGNAL: SE헤L SHORT fuerte para ENAUSDT (7/9 condiciones)
2025-06-23 11:47:51,396 - INFO - SUCCESS: SE헤L ENVIADA: ENAUSDT | SELL
2025-06-23 11:47:53,399 - INFO - SUCCESS: Ciclo completado: 2 se人les enviadas
2025-06-23 11:47:53,399 - INFO - TIMING: Ciclo completado en 17.51 segundos
2025-06-23 11:47:53,399 - INFO - WAIT: Esperando 30 segundos hasta pr鳥imo escaneo...
2025-06-23 11:48:23,401 - INFO - ==================================================
2025-06-23 11:48:23,401 - INFO - CYCLE: Iniciando nuevo ciclo de escaneo...
2025-06-23 11:48:23,665 - INFO - POSITIONS: Posiciones abiertas: 4
2025-06-23 11:48:23,665 - INFO - LIMIT: L庵ite de operaciones abiertas alcanzado (4/4)
2025-06-23 11:48:23,665 - INFO - TIMING: Ciclo completado en 0.26 segundos
2025-06-23 11:48:23,665 - INFO - WAIT: Esperando 30 segundos hasta pr鳥imo escaneo...
2025-06-23 11:48:53,668 - INFO - ==================================================
2025-06-23 11:48:53,668 - INFO - CYCLE: Iniciando nuevo ciclo de escaneo...
2025-06-23 11:48:53,932 - INFO - POSITIONS: Posiciones abiertas: 4
2025-06-23 11:48:53,932 - INFO - LIMIT: L庵ite de operaciones abiertas alcanzado (4/4)
2025-06-23 11:48:53,932 - INFO - TIMING: Ciclo completado en 0.26 segundos
2025-06-23 11:48:53,933 - INFO - WAIT: Esperando 30 segundos hasta pr鳥imo escaneo...
2025-06-23 11:49:23,934 - INFO - ==================================================
2025-06-23 11:49:23,934 - INFO - CYCLE: Iniciando nuevo ciclo de escaneo...
2025-06-23 11:49:24,194 - INFO - POSITIONS: Posiciones abiertas: 4
2025-06-23 11:49:24,194 - INFO - LIMIT: L庵ite de operaciones abiertas alcanzado (4/4)
2025-06-23 11:49:24,194 - INFO - TIMING: Ciclo completado en 0.26 segundos
2025-06-23 11:49:24,194 - INFO - WAIT: Esperando 30 segundos hasta pr鳥imo escaneo...
2025-06-23 11:49:54,198 - INFO - ==================================================
2025-06-23 11:49:54,198 - INFO - CYCLE: Iniciando nuevo ciclo de escaneo...
2025-06-23 11:49:54,458 - INFO - POSITIONS: Posiciones abiertas: 4
2025-06-23 11:49:54,458 - INFO - LIMIT: L庵ite de operaciones abiertas alcanzado (4/4)
2025-06-23 11:49:54,458 - INFO - TIMING: Ciclo completado en 0.26 segundos
2025-06-23 11:49:54,458 - INFO - WAIT: Esperando 30 segundos hasta pr鳥imo escaneo...
2025-06-23 11:50:24,464 - INFO - ==================================================
2025-06-23 11:50:24,464 - INFO - CYCLE: Iniciando nuevo ciclo de escaneo...
2025-06-23 11:50:24,726 - INFO - POSITIONS: Posiciones abiertas: 4
2025-06-23 11:50:24,730 - INFO - LIMIT: L庵ite de operaciones abiertas alcanzado (4/4)
2025-06-23 11:50:24,730 - INFO - TIMING: Ciclo completado en 0.27 segundos
2025-06-23 11:50:24,730 - INFO - WAIT: Esperando 30 segundos hasta pr鳥imo escaneo...
2025-06-23 11:50:54,732 - INFO - ==================================================
2025-06-23 11:50:54,732 - INFO - CYCLE: Iniciando nuevo ciclo de escaneo...
2025-06-23 11:50:54,992 - INFO - POSITIONS: Posiciones abiertas: 4
2025-06-23 11:50:54,992 - INFO - LIMIT: L庵ite de operaciones abiertas alcanzado (4/4)
2025-06-23 11:50:54,992 - INFO - TIMING: Ciclo completado en 0.26 segundos
2025-06-23 11:50:54,992 - INFO - WAIT: Esperando 30 segundos hasta pr鳥imo escaneo...
2025-06-23 11:51:24,996 - INFO - ==================================================
2025-06-23 11:51:24,996 - INFO - CYCLE: Iniciando nuevo ciclo de escaneo...
2025-06-23 11:51:25,270 - INFO - POSITIONS: Posiciones abiertas: 4
2025-06-23 11:51:25,270 - INFO - LIMIT: L庵ite de operaciones abiertas alcanzado (4/4)
2025-06-23 11:51:25,270 - INFO - TIMING: Ciclo completado en 0.27 segundos
2025-06-23 11:51:25,270 - INFO - WAIT: Esperando 30 segundos hasta pr鳥imo escaneo...
2025-06-23 11:51:55,273 - INFO - ==================================================
2025-06-23 11:51:55,273 - INFO - CYCLE: Iniciando nuevo ciclo de escaneo...
2025-06-23 11:51:55,530 - INFO - POSITIONS: Posiciones abiertas: 4
2025-06-23 11:51:55,530 - INFO - LIMIT: L庵ite de operaciones abiertas alcanzado (4/4)
2025-06-23 11:51:55,540 - INFO - TIMING: Ciclo completado en 0.27 segundos
2025-06-23 11:51:55,540 - INFO - WAIT: Esperando 30 segundos hasta pr鳥imo escaneo...
2025-06-23 11:52:25,541 - INFO - ==================================================
2025-06-23 11:52:25,541 - INFO - CYCLE: Iniciando nuevo ciclo de escaneo...
2025-06-23 11:52:25,808 - INFO - POSITIONS: Posiciones abiertas: 4
2025-06-23 11:52:25,808 - INFO - LIMIT: L庵ite de operaciones abiertas alcanzado (4/4)
2025-06-23 11:52:25,808 - INFO - TIMING: Ciclo completado en 0.27 segundos
2025-06-23 11:52:25,808 - INFO - WAIT: Esperando 30 segundos hasta pr鳥imo escaneo...
2025-06-23 11:52:55,811 - INFO - ==================================================
2025-06-23 11:52:55,811 - INFO - CYCLE: Iniciando nuevo ciclo de escaneo...
2025-06-23 11:52:56,087 - INFO - POSITIONS: Posiciones abiertas: 4
2025-06-23 11:52:56,087 - INFO - LIMIT: L庵ite de operaciones abiertas alcanzado (4/4)
2025-06-23 11:52:56,087 - INFO - TIMING: Ciclo completado en 0.28 segundos
2025-06-23 11:52:56,087 - INFO - WAIT: Esperando 30 segundos hasta pr鳥imo escaneo...
2025-06-23 11:53:26,090 - INFO - ==================================================
2025-06-23 11:53:26,090 - INFO - CYCLE: Iniciando nuevo ciclo de escaneo...
2025-06-23 11:53:26,387 - INFO - POSITIONS: Posiciones abiertas: 3
2025-06-23 11:53:26,675 - INFO - BALANCE: USDT total: $74.6660
2025-06-23 11:53:26,675 - INFO - BALANCE: USDT disponible: $50.9007
2025-06-23 11:53:27,455 - INFO - BALANCE: USDT total: $74.6660
2025-06-23 11:53:27,455 - INFO - BALANCE: USDT disponible: $50.9222
2025-06-23 11:53:36,886 - INFO - SYMBOLS: 34 s庵bolos v涇idos encontrados
2025-06-23 11:53:36,891 - INFO - SCAN: Analizando 34 s庵bolos...
2025-06-23 11:53:45,176 - INFO - SIGNAL: SE헤L SHORT fuerte para ETHUSDT (8/9 condiciones)
2025-06-23 11:53:46,161 - INFO - SUCCESS: SE헤L ENVIADA: ETHUSDT | SELL
2025-06-23 11:53:48,701 - INFO - SIGNAL: SE헤L SHORT fuerte para LTCUSDT (7/9 condiciones)
2025-06-23 11:53:49,524 - INFO - SUCCESS: SE헤L ENVIADA: LTCUSDT | SELL
2025-06-23 11:53:51,526 - INFO - SUCCESS: Ciclo completado: 2 se人les enviadas
2025-06-23 11:53:51,526 - INFO - TIMING: Ciclo completado en 25.44 segundos
2025-06-23 11:53:51,526 - INFO - WAIT: Esperando 30 segundos hasta pr鳥imo escaneo...
2025-06-23 11:54:21,528 - INFO - ==================================================
2025-06-23 11:54:21,528 - INFO - CYCLE: Iniciando nuevo ciclo de escaneo...
2025-06-23 11:54:21,794 - INFO - POSITIONS: Posiciones abiertas: 3
2025-06-23 11:54:22,046 - INFO - BALANCE: USDT total: $74.6660
2025-06-23 11:54:22,046 - INFO - BALANCE: USDT disponible: $14.2557
2025-06-23 11:54:22,820 - INFO - BALANCE: USDT total: $74.6660
2025-06-23 11:54:22,820 - INFO - BALANCE: USDT disponible: $50.6990
2025-06-23 11:54:32,147 - INFO - SYMBOLS: 34 s庵bolos v涇idos encontrados
2025-06-23 11:54:32,149 - INFO - SCAN: Analizando 34 s庵bolos...
2025-06-23 11:54:42,713 - INFO - SIGNAL: SE헤L SHORT fuerte para DOGEUSDT (7/9 condiciones)
2025-06-23 11:54:43,657 - INFO - SUCCESS: SE헤L ENVIADA: DOGEUSDT | SELL
2025-06-23 11:54:56,287 - INFO - SIGNAL: SE헤L SHORT fuerte para UNIUSDT (7/9 condiciones)
2025-06-23 11:54:57,326 - INFO - SUCCESS: SE헤L ENVIADA: UNIUSDT | SELL
2025-06-23 11:54:59,328 - INFO - SUCCESS: Ciclo completado: 2 se人les enviadas
2025-06-23 11:54:59,329 - INFO - TIMING: Ciclo completado en 37.80 segundos
2025-06-23 11:54:59,330 - INFO - WAIT: Esperando 30 segundos hasta pr鳥imo escaneo...
2025-06-23 11:55:29,330 - INFO - ==================================================
2025-06-23 11:55:29,330 - INFO - CYCLE: Iniciando nuevo ciclo de escaneo...
2025-06-23 11:55:29,598 - INFO - POSITIONS: Posiciones abiertas: 4
2025-06-23 11:55:29,598 - INFO - LIMIT: L庵ite de operaciones abiertas alcanzado (4/4)
2025-06-23 11:55:29,598 - INFO - TIMING: Ciclo completado en 0.27 segundos
2025-06-23 11:55:29,598 - INFO - WAIT: Esperando 30 segundos hasta pr鳥imo escaneo...
2025-06-23 11:55:59,600 - INFO - ==================================================
2025-06-23 11:55:59,601 - INFO - CYCLE: Iniciando nuevo ciclo de escaneo...
2025-06-23 11:55:59,870 - INFO - POSITIONS: Posiciones abiertas: 4
2025-06-23 11:55:59,870 - INFO - LIMIT: L庵ite de operaciones abiertas alcanzado (4/4)
2025-06-23 11:55:59,871 - INFO - TIMING: Ciclo completado en 0.27 segundos
2025-06-23 11:55:59,871 - INFO - WAIT: Esperando 30 segundos hasta pr鳥imo escaneo...
2025-06-23 11:56:29,872 - INFO - ==================================================
2025-06-23 11:56:29,872 - INFO - CYCLE: Iniciando nuevo ciclo de escaneo...
2025-06-23 11:56:30,139 - INFO - POSITIONS: Posiciones abiertas: 4
2025-06-23 11:56:30,139 - INFO - LIMIT: L庵ite de operaciones abiertas alcanzado (4/4)
2025-06-23 11:56:30,139 - INFO - TIMING: Ciclo completado en 0.27 segundos
2025-06-23 11:56:30,139 - INFO - WAIT: Esperando 30 segundos hasta pr鳥imo escaneo...
2025-06-23 11:57:00,140 - INFO - ==================================================
2025-06-23 11:57:00,140 - INFO - CYCLE: Iniciando nuevo ciclo de escaneo...
2025-06-23 11:57:00,407 - INFO - POSITIONS: Posiciones abiertas: 4
2025-06-23 11:57:00,407 - INFO - LIMIT: L庵ite de operaciones abiertas alcanzado (4/4)
2025-06-23 11:57:00,408 - INFO - TIMING: Ciclo completado en 0.27 segundos
2025-06-23 11:57:00,408 - INFO - WAIT: Esperando 30 segundos hasta pr鳥imo escaneo...
2025-06-23 11:57:30,409 - INFO - ==================================================
2025-06-23 11:57:30,409 - INFO - CYCLE: Iniciando nuevo ciclo de escaneo...
2025-06-23 11:57:30,680 - INFO - POSITIONS: Posiciones abiertas: 4
2025-06-23 11:57:30,680 - INFO - LIMIT: L庵ite de operaciones abiertas alcanzado (4/4)
2025-06-23 11:57:30,681 - INFO - TIMING: Ciclo completado en 0.27 segundos
2025-06-23 11:57:30,681 - INFO - WAIT: Esperando 30 segundos hasta pr鳥imo escaneo...
2025-06-23 11:58:00,682 - INFO - ==================================================
2025-06-23 11:58:00,682 - INFO - CYCLE: Iniciando nuevo ciclo de escaneo...
2025-06-23 11:58:00,971 - INFO - POSITIONS: Posiciones abiertas: 4
2025-06-23 11:58:00,972 - INFO - LIMIT: L庵ite de operaciones abiertas alcanzado (4/4)
2025-06-23 11:58:00,972 - INFO - TIMING: Ciclo completado en 0.29 segundos
2025-06-23 11:58:00,973 - INFO - WAIT: Esperando 30 segundos hasta pr鳥imo escaneo...
2025-06-23 11:58:30,975 - INFO - ==================================================
2025-06-23 11:58:30,976 - INFO - CYCLE: Iniciando nuevo ciclo de escaneo...
2025-06-23 11:58:31,260 - INFO - POSITIONS: Posiciones abiertas: 4
2025-06-23 11:58:31,261 - INFO - LIMIT: L庵ite de operaciones abiertas alcanzado (4/4)
2025-06-23 11:58:31,261 - INFO - TIMING: Ciclo completado en 0.29 segundos
2025-06-23 11:58:31,261 - INFO - WAIT: Esperando 30 segundos hasta pr鳥imo escaneo...
2025-06-23 11:59:01,262 - INFO - ==================================================
2025-06-23 11:59:01,263 - INFO - CYCLE: Iniciando nuevo ciclo de escaneo...
2025-06-23 11:59:01,529 - INFO - POSITIONS: Posiciones abiertas: 4
2025-06-23 11:59:01,530 - INFO - LIMIT: L庵ite de operaciones abiertas alcanzado (4/4)
2025-06-23 11:59:01,530 - INFO - TIMING: Ciclo completado en 0.27 segundos
2025-06-23 11:59:01,530 - INFO - WAIT: Esperando 30 segundos hasta pr鳥imo escaneo...
2025-06-23 11:59:31,531 - INFO - ==================================================
2025-06-23 11:59:31,532 - INFO - CYCLE: Iniciando nuevo ciclo de escaneo...
2025-06-23 11:59:31,798 - INFO - POSITIONS: Posiciones abiertas: 4
2025-06-23 11:59:31,799 - INFO - LIMIT: L庵ite de operaciones abiertas alcanzado (4/4)
2025-06-23 11:59:31,799 - INFO - TIMING: Ciclo completado en 0.27 segundos
2025-06-23 11:59:31,799 - INFO - WAIT: Esperando 30 segundos hasta pr鳥imo escaneo...
2025-06-23 12:00:01,801 - INFO - ==================================================
2025-06-23 12:00:01,801 - INFO - CYCLE: Iniciando nuevo ciclo de escaneo...
2025-06-23 12:00:02,071 - INFO - POSITIONS: Posiciones abiertas: 4
2025-06-23 12:00:02,072 - INFO - LIMIT: L庵ite de operaciones abiertas alcanzado (4/4)
2025-06-23 12:00:02,072 - INFO - TIMING: Ciclo completado en 0.27 segundos
2025-06-23 12:00:02,072 - INFO - WAIT: Esperando 30 segundos hasta pr鳥imo escaneo...
2025-06-23 12:00:32,073 - INFO - ==================================================
2025-06-23 12:00:32,074 - INFO - CYCLE: Iniciando nuevo ciclo de escaneo...
2025-06-23 12:00:32,368 - INFO - POSITIONS: Posiciones abiertas: 4
2025-06-23 12:00:32,368 - INFO - LIMIT: L庵ite de operaciones abiertas alcanzado (4/4)
2025-06-23 12:00:32,369 - INFO - TIMING: Ciclo completado en 0.30 segundos
2025-06-23 12:00:32,369 - INFO - WAIT: Esperando 30 segundos hasta pr鳥imo escaneo...
2025-06-23 12:01:02,370 - INFO - ==================================================
2025-06-23 12:01:02,370 - INFO - CYCLE: Iniciando nuevo ciclo de escaneo...
2025-06-23 12:01:02,639 - INFO - POSITIONS: Posiciones abiertas: 4
2025-06-23 12:01:02,640 - INFO - LIMIT: L庵ite de operaciones abiertas alcanzado (4/4)
2025-06-23 12:01:02,641 - INFO - TIMING: Ciclo completado en 0.27 segundos
2025-06-23 12:01:02,641 - INFO - WAIT: Esperando 30 segundos hasta pr鳥imo escaneo...
2025-06-23 12:01:32,642 - INFO - ==================================================
2025-06-23 12:01:32,643 - INFO - CYCLE: Iniciando nuevo ciclo de escaneo...
2025-06-23 12:01:32,903 - INFO - POSITIONS: Posiciones abiertas: 4
2025-06-23 12:01:32,904 - INFO - LIMIT: L庵ite de operaciones abiertas alcanzado (4/4)
2025-06-23 12:01:32,904 - INFO - TIMING: Ciclo completado en 0.26 segundos
2025-06-23 12:01:32,904 - INFO - WAIT: Esperando 30 segundos hasta pr鳥imo escaneo...
2025-06-23 12:02:02,906 - INFO - ==================================================
2025-06-23 12:02:02,906 - INFO - CYCLE: Iniciando nuevo ciclo de escaneo...
2025-06-23 12:02:03,171 - INFO - POSITIONS: Posiciones abiertas: 4
2025-06-23 12:02:03,172 - INFO - LIMIT: L庵ite de operaciones abiertas alcanzado (4/4)
2025-06-23 12:02:03,172 - INFO - TIMING: Ciclo completado en 0.27 segundos
2025-06-23 12:02:03,173 - INFO - WAIT: Esperando 30 segundos hasta pr鳥imo escaneo...
2025-06-23 12:02:27,055 - INFO - STOP: Bot detenido por usuario
2025-06-23 12:02:44,647 - INFO - START: Iniciando Trading Bot Mejorado...
2025-06-23 12:02:44,712 - INFO - NETWORK: Conectividad a internet verificada
2025-06-23 12:02:44,713 - INFO - INIT: Variables de entorno cargadas correctamente
2025-06-23 12:02:44,971 - INFO - INIT: Cliente Binance inicializado
2025-06-23 12:02:44,971 - INFO - TEST: Probando conexi蚤 a Binance (intento 1/3)...
2025-06-23 12:02:45,200 - INFO - TEST: Hora del servidor Binance: 2025-06-23 12:02:46
2025-06-23 12:02:45,467 - INFO - SUCCESS: Conexi蚤 a Binance Futures establecida correctamente
2025-06-23 12:02:45,468 - INFO - SUCCESS: Bot inicializado correctamente
2025-06-23 12:02:45,469 - INFO - ==================================================
2025-06-23 12:02:45,469 - INFO - CYCLE: Iniciando nuevo ciclo de escaneo...
2025-06-23 12:02:45,711 - INFO - POSITIONS: Posiciones abiertas: 4
2025-06-23 12:02:45,711 - INFO - LIMIT: L庵ite de operaciones abiertas alcanzado (4/4)
2025-06-23 12:02:45,712 - INFO - TIMING: Ciclo completado en 0.24 segundos
2025-06-23 12:02:45,712 - INFO - WAIT: Esperando 30 segundos hasta pr鳥imo escaneo...
2025-06-23 12:03:15,713 - INFO - ==================================================
2025-06-23 12:03:15,714 - INFO - CYCLE: Iniciando nuevo ciclo de escaneo...
2025-06-23 12:03:15,960 - INFO - POSITIONS: Posiciones abiertas: 4
2025-06-23 12:03:15,961 - INFO - LIMIT: L庵ite de operaciones abiertas alcanzado (4/4)
2025-06-23 12:03:15,961 - INFO - TIMING: Ciclo completado en 0.25 segundos
2025-06-23 12:03:15,961 - INFO - WAIT: Esperando 30 segundos hasta pr鳥imo escaneo...
2025-06-23 12:03:45,962 - INFO - ==================================================
2025-06-23 12:03:45,962 - INFO - CYCLE: Iniciando nuevo ciclo de escaneo...
2025-06-23 12:03:46,211 - INFO - POSITIONS: Posiciones abiertas: 4
2025-06-23 12:03:46,211 - INFO - LIMIT: L庵ite de operaciones abiertas alcanzado (4/4)
2025-06-23 12:03:46,213 - INFO - TIMING: Ciclo completado en 0.25 segundos
2025-06-23 12:03:46,213 - INFO - WAIT: Esperando 30 segundos hasta pr鳥imo escaneo...
2025-06-23 12:04:16,213 - INFO - ==================================================
2025-06-23 12:04:16,213 - INFO - CYCLE: Iniciando nuevo ciclo de escaneo...
2025-06-23 12:04:16,453 - INFO - POSITIONS: Posiciones abiertas: 4
2025-06-23 12:04:16,453 - INFO - LIMIT: L庵ite de operaciones abiertas alcanzado (4/4)
2025-06-23 12:04:16,453 - INFO - TIMING: Ciclo completado en 0.24 segundos
2025-06-23 12:04:16,453 - INFO - WAIT: Esperando 30 segundos hasta pr鳥imo escaneo...
2025-06-23 12:04:46,457 - INFO - ==================================================
2025-06-23 12:04:46,458 - INFO - CYCLE: Iniciando nuevo ciclo de escaneo...
2025-06-23 12:04:46,699 - INFO - POSITIONS: Posiciones abiertas: 4
2025-06-23 12:04:46,699 - INFO - LIMIT: L庵ite de operaciones abiertas alcanzado (4/4)
2025-06-23 12:04:46,700 - INFO - TIMING: Ciclo completado en 0.24 segundos
2025-06-23 12:04:46,700 - INFO - WAIT: Esperando 30 segundos hasta pr鳥imo escaneo...
2025-06-23 12:05:16,701 - INFO - ==================================================
2025-06-23 12:05:16,701 - INFO - CYCLE: Iniciando nuevo ciclo de escaneo...
2025-06-23 12:05:16,944 - INFO - POSITIONS: Posiciones abiertas: 4
2025-06-23 12:05:16,944 - INFO - LIMIT: L庵ite de operaciones abiertas alcanzado (4/4)
2025-06-23 12:05:16,944 - INFO - TIMING: Ciclo completado en 0.24 segundos
2025-06-23 12:05:16,944 - INFO - WAIT: Esperando 30 segundos hasta pr鳥imo escaneo...
2025-06-23 12:05:46,947 - INFO - ==================================================
2025-06-23 12:05:46,947 - INFO - CYCLE: Iniciando nuevo ciclo de escaneo...
2025-06-23 12:05:47,207 - INFO - POSITIONS: Posiciones abiertas: 3
2025-06-23 12:05:47,868 - INFO - BALANCE: USDT total: $74.9733
2025-06-23 12:05:47,868 - INFO - BALANCE: USDT disponible: $51.8695
2025-06-23 12:05:48,998 - INFO - BALANCE: USDT total: $74.9733
2025-06-23 12:05:48,998 - INFO - BALANCE: USDT disponible: $51.8749
2025-06-23 12:05:58,614 - INFO - SYMBOLS: Filtrado completado:
2025-06-23 12:05:58,615 - INFO -   - Total procesados: 515
2025-06-23 12:05:58,616 - INFO -   - Rechazados por volumen: 437
2025-06-23 12:05:58,616 - INFO -   - Rechazados por spread: 0
2025-06-23 12:05:58,616 - INFO -   - Rechazados por estado: 2
2025-06-23 12:05:58,616 - INFO -   - Rechazados por valor m暗imo orden: 37
2025-06-23 12:05:58,617 - INFO -   - Rechazados por notional m暗imo: 0
2025-06-23 12:05:58,617 - INFO -   - S庵bolos v涇idos: 0
2025-06-23 12:05:58,619 - ERROR - ERROR: No se pudieron obtener s庵bolos
2025-06-23 12:05:58,619 - INFO - TIMING: Ciclo completado en 11.67 segundos
2025-06-23 12:05:58,619 - INFO - WAIT: Esperando 30 segundos hasta pr鳥imo escaneo...
2025-06-23 12:06:28,621 - INFO - ==================================================
2025-06-23 12:06:28,621 - INFO - CYCLE: Iniciando nuevo ciclo de escaneo...
2025-06-23 12:06:28,868 - INFO - POSITIONS: Posiciones abiertas: 3
2025-06-23 12:06:29,094 - INFO - BALANCE: USDT total: $74.9733
2025-06-23 12:06:29,095 - INFO - BALANCE: USDT disponible: $51.7999
2025-06-23 12:06:29,795 - INFO - BALANCE: USDT total: $74.9733
2025-06-23 12:06:29,795 - INFO - BALANCE: USDT disponible: $51.7666
2025-06-23 12:06:38,861 - INFO - SYMBOLS: Filtrado completado:
2025-06-23 12:06:38,861 - INFO -   - Total procesados: 515
2025-06-23 12:06:38,862 - INFO -   - Rechazados por volumen: 437
2025-06-23 12:06:38,862 - INFO -   - Rechazados por spread: 0
2025-06-23 12:06:38,863 - INFO -   - Rechazados por estado: 2
2025-06-23 12:06:38,863 - INFO -   - Rechazados por valor m暗imo orden: 37
2025-06-23 12:06:38,863 - INFO -   - Rechazados por notional m暗imo: 0
2025-06-23 12:06:38,864 - INFO -   - S庵bolos v涇idos: 0
2025-06-23 12:06:38,866 - ERROR - ERROR: No se pudieron obtener s庵bolos
2025-06-23 12:06:38,866 - INFO - TIMING: Ciclo completado en 10.25 segundos
2025-06-23 12:06:38,867 - INFO - WAIT: Esperando 30 segundos hasta pr鳥imo escaneo...
2025-06-23 12:07:08,867 - INFO - ==================================================
2025-06-23 12:07:08,867 - INFO - CYCLE: Iniciando nuevo ciclo de escaneo...
2025-06-23 12:07:09,109 - INFO - POSITIONS: Posiciones abiertas: 3
2025-06-23 12:07:09,336 - INFO - BALANCE: USDT total: $74.9733
2025-06-23 12:07:09,336 - INFO - BALANCE: USDT disponible: $51.7783
2025-06-23 12:07:10,463 - INFO - BALANCE: USDT total: $74.9733
2025-06-23 12:07:10,463 - INFO - BALANCE: USDT disponible: $51.7703
2025-06-23 12:07:18,866 - INFO - SYMBOLS: Filtrado completado:
2025-06-23 12:07:18,866 - INFO -   - Total procesados: 515
2025-06-23 12:07:18,866 - INFO -   - Rechazados por volumen: 437
2025-06-23 12:07:18,867 - INFO -   - Rechazados por spread: 0
2025-06-23 12:07:18,867 - INFO -   - Rechazados por estado: 2
2025-06-23 12:07:18,868 - INFO -   - Rechazados por valor m暗imo orden: 37
2025-06-23 12:07:18,868 - INFO -   - Rechazados por notional m暗imo: 0
2025-06-23 12:07:18,868 - INFO -   - S庵bolos v涇idos: 0
2025-06-23 12:07:18,870 - ERROR - ERROR: No se pudieron obtener s庵bolos
2025-06-23 12:07:18,870 - INFO - TIMING: Ciclo completado en 10.00 segundos
2025-06-23 12:07:18,870 - INFO - WAIT: Esperando 30 segundos hasta pr鳥imo escaneo...
2025-06-23 12:07:48,871 - INFO - ==================================================
2025-06-23 12:07:48,871 - INFO - CYCLE: Iniciando nuevo ciclo de escaneo...
2025-06-23 12:07:49,114 - INFO - POSITIONS: Posiciones abiertas: 3
2025-06-23 12:07:49,339 - INFO - BALANCE: USDT total: $74.9733
2025-06-23 12:07:49,339 - INFO - BALANCE: USDT disponible: $51.7684
2025-06-23 12:07:50,041 - INFO - BALANCE: USDT total: $74.9733
2025-06-23 12:07:50,041 - INFO - BALANCE: USDT disponible: $51.7745
2025-06-23 12:07:58,537 - INFO - SYMBOLS: Filtrado completado:
2025-06-23 12:07:58,538 - INFO -   - Total procesados: 515
2025-06-23 12:07:58,538 - INFO -   - Rechazados por volumen: 437
2025-06-23 12:07:58,538 - INFO -   - Rechazados por spread: 0
2025-06-23 12:07:58,538 - INFO -   - Rechazados por estado: 2
2025-06-23 12:07:58,539 - INFO -   - Rechazados por valor m暗imo orden: 37
2025-06-23 12:07:58,539 - INFO -   - Rechazados por notional m暗imo: 0
2025-06-23 12:07:58,540 - INFO -   - S庵bolos v涇idos: 0
2025-06-23 12:07:58,541 - ERROR - ERROR: No se pudieron obtener s庵bolos
2025-06-23 12:07:58,542 - INFO - TIMING: Ciclo completado en 9.67 segundos
2025-06-23 12:07:58,542 - INFO - WAIT: Esperando 30 segundos hasta pr鳥imo escaneo...
2025-06-23 12:08:28,543 - INFO - ==================================================
2025-06-23 12:08:28,543 - INFO - CYCLE: Iniciando nuevo ciclo de escaneo...
2025-06-23 12:08:28,781 - INFO - POSITIONS: Posiciones abiertas: 3
2025-06-23 12:08:29,006 - INFO - BALANCE: USDT total: $74.9733
2025-06-23 12:08:29,006 - INFO - BALANCE: USDT disponible: $52.0238
2025-06-23 12:08:29,709 - INFO - BALANCE: USDT total: $74.9733
2025-06-23 12:08:29,710 - INFO - BALANCE: USDT disponible: $52.0270
2025-06-23 12:08:38,060 - INFO - SYMBOLS: Filtrado completado:
2025-06-23 12:08:38,060 - INFO -   - Total procesados: 515
2025-06-23 12:08:38,061 - INFO -   - Rechazados por volumen: 437
2025-06-23 12:08:38,061 - INFO -   - Rechazados por spread: 0
2025-06-23 12:08:38,061 - INFO -   - Rechazados por estado: 2
2025-06-23 12:08:38,062 - INFO -   - Rechazados por valor m暗imo orden: 37
2025-06-23 12:08:38,062 - INFO -   - Rechazados por notional m暗imo: 0
2025-06-23 12:08:38,062 - INFO -   - S庵bolos v涇idos: 0
2025-06-23 12:08:38,064 - ERROR - ERROR: No se pudieron obtener s庵bolos
2025-06-23 12:08:38,064 - INFO - TIMING: Ciclo completado en 9.52 segundos
2025-06-23 12:08:38,065 - INFO - WAIT: Esperando 30 segundos hasta pr鳥imo escaneo...
2025-06-23 12:09:08,066 - INFO - ==================================================
2025-06-23 12:09:08,067 - INFO - CYCLE: Iniciando nuevo ciclo de escaneo...
2025-06-23 12:09:08,316 - INFO - POSITIONS: Posiciones abiertas: 3
2025-06-23 12:09:08,536 - INFO - BALANCE: USDT total: $74.9709
2025-06-23 12:09:08,537 - INFO - BALANCE: USDT disponible: $52.0765
2025-06-23 12:09:09,225 - INFO - BALANCE: USDT total: $74.9709
2025-06-23 12:09:09,226 - INFO - BALANCE: USDT disponible: $52.0765
2025-06-23 12:09:17,339 - INFO - STOP: Bot detenido por usuario
2025-06-23 12:14:07,921 - INFO - START: Iniciando Trading Bot Mejorado...
2025-06-23 12:14:07,949 - INFO - NETWORK: Conectividad a internet verificada
2025-06-23 12:14:07,949 - INFO - INIT: Variables de entorno cargadas correctamente
2025-06-23 12:14:08,205 - INFO - INIT: Cliente Binance inicializado
2025-06-23 12:14:08,206 - INFO - TEST: Probando conexi蚤 a Binance (intento 1/3)...
2025-06-23 12:14:08,436 - INFO - TEST: Hora del servidor Binance: 2025-06-23 12:14:09.223000
2025-06-23 12:14:08,716 - INFO - SUCCESS: Conexi蚤 a Binance Futures establecida correctamente
2025-06-23 12:14:08,717 - INFO - SUCCESS: Bot inicializado correctamente
2025-06-23 12:14:08,718 - INFO - ==================================================
2025-06-23 12:14:08,718 - INFO - CYCLE: Iniciando nuevo ciclo de escaneo...
2025-06-23 12:14:08,964 - INFO - POSITIONS: Posiciones abiertas: 3
2025-06-23 12:14:09,621 - INFO - BALANCE: USDT total: $74.9709
2025-06-23 12:14:09,622 - INFO - BALANCE: USDT disponible: $52.0061
2025-06-23 12:14:11,598 - INFO - BALANCE: USDT total: $74.9709
2025-06-23 12:14:11,598 - INFO - BALANCE: USDT disponible: $51.9793
2025-06-23 12:14:21,323 - INFO - SYMBOLS: Filtrado completado:
2025-06-23 12:14:21,325 - INFO -   - Total procesados: 515
2025-06-23 12:14:21,325 - INFO -   - Rechazados por volumen: 437
2025-06-23 12:14:21,325 - INFO -   - Rechazados por spread: 0
2025-06-23 12:14:21,325 - INFO -   - Rechazados por estado: 2
2025-06-23 12:14:21,325 - INFO -   - Rechazados por valor m暗imo orden: 37
2025-06-23 12:14:21,325 - INFO -   - Rechazados por notional m暗imo: 0
2025-06-23 12:14:21,327 - INFO -   - S庵bolos v涇idos: 0
2025-06-23 12:14:21,328 - ERROR - ERROR: No se pudieron obtener s庵bolos
2025-06-23 12:14:21,328 - INFO - TIMING: Ciclo completado en 12.61 segundos
2025-06-23 12:14:21,328 - INFO - WAIT: Esperando 30 segundos hasta pr鳥imo escaneo...
2025-06-23 12:14:51,330 - INFO - ==================================================
2025-06-23 12:14:51,331 - INFO - CYCLE: Iniciando nuevo ciclo de escaneo...
2025-06-23 12:14:51,570 - INFO - POSITIONS: Posiciones abiertas: 3
2025-06-23 12:14:51,791 - INFO - BALANCE: USDT total: $74.9709
2025-06-23 12:14:51,792 - INFO - BALANCE: USDT disponible: $51.9724
2025-06-23 12:14:52,498 - INFO - BALANCE: USDT total: $74.9709
2025-06-23 12:14:52,499 - INFO - BALANCE: USDT disponible: $51.9708
2025-06-23 12:15:01,012 - INFO - SYMBOLS: Filtrado completado:
2025-06-23 12:15:01,013 - INFO -   - Total procesados: 515
2025-06-23 12:15:01,013 - INFO -   - Rechazados por volumen: 437
2025-06-23 12:15:01,013 - INFO -   - Rechazados por spread: 0
2025-06-23 12:15:01,013 - INFO -   - Rechazados por estado: 2
2025-06-23 12:15:01,014 - INFO -   - Rechazados por valor m暗imo orden: 37
2025-06-23 12:15:01,014 - INFO -   - Rechazados por notional m暗imo: 0
2025-06-23 12:15:01,014 - INFO -   - S庵bolos v涇idos: 0
2025-06-23 12:15:01,016 - ERROR - ERROR: No se pudieron obtener s庵bolos
2025-06-23 12:15:01,016 - INFO - TIMING: Ciclo completado en 9.69 segundos
2025-06-23 12:15:01,016 - INFO - WAIT: Esperando 30 segundos hasta pr鳥imo escaneo...
2025-06-23 12:15:31,018 - INFO - ==================================================
2025-06-23 12:15:31,018 - INFO - CYCLE: Iniciando nuevo ciclo de escaneo...
2025-06-23 12:15:31,258 - INFO - POSITIONS: Posiciones abiertas: 3
2025-06-23 12:15:31,489 - INFO - BALANCE: USDT total: $74.9709
2025-06-23 12:15:31,489 - INFO - BALANCE: USDT disponible: $52.0987
2025-06-23 12:15:32,612 - INFO - BALANCE: USDT total: $74.9709
2025-06-23 12:15:32,620 - INFO - BALANCE: USDT disponible: $52.1003
2025-06-23 12:15:41,121 - INFO - SYMBOLS: Filtrado completado:
2025-06-23 12:15:41,121 - INFO -   - Total procesados: 515
2025-06-23 12:15:41,122 - INFO -   - Rechazados por volumen: 437
2025-06-23 12:15:41,122 - INFO -   - Rechazados por spread: 0
2025-06-23 12:15:41,122 - INFO -   - Rechazados por estado: 2
2025-06-23 12:15:41,123 - INFO -   - Rechazados por valor m暗imo orden: 37
2025-06-23 12:15:41,123 - INFO -   - Rechazados por notional m暗imo: 0
2025-06-23 12:15:41,123 - INFO -   - S庵bolos v涇idos: 0
2025-06-23 12:15:41,124 - ERROR - ERROR: No se pudieron obtener s庵bolos
2025-06-23 12:15:41,125 - INFO - TIMING: Ciclo completado en 10.11 segundos
2025-06-23 12:15:41,125 - INFO - WAIT: Esperando 30 segundos hasta pr鳥imo escaneo...
2025-06-23 12:16:11,126 - INFO - ==================================================
2025-06-23 12:16:11,126 - INFO - CYCLE: Iniciando nuevo ciclo de escaneo...
2025-06-23 12:16:11,368 - INFO - POSITIONS: Posiciones abiertas: 3
2025-06-23 12:16:11,598 - INFO - BALANCE: USDT total: $74.9709
2025-06-23 12:16:11,600 - INFO - BALANCE: USDT disponible: $52.0749
2025-06-23 12:16:12,321 - INFO - BALANCE: USDT total: $74.9709
2025-06-23 12:16:12,321 - INFO - BALANCE: USDT disponible: $52.0741
2025-06-23 12:16:20,681 - INFO - SYMBOLS: Filtrado completado:
2025-06-23 12:16:20,682 - INFO -   - Total procesados: 515
2025-06-23 12:16:20,682 - INFO -   - Rechazados por volumen: 437
2025-06-23 12:16:20,682 - INFO -   - Rechazados por spread: 0
2025-06-23 12:16:20,683 - INFO -   - Rechazados por estado: 2
2025-06-23 12:16:20,683 - INFO -   - Rechazados por valor m暗imo orden: 37
2025-06-23 12:16:20,683 - INFO -   - Rechazados por notional m暗imo: 0
2025-06-23 12:16:20,683 - INFO -   - S庵bolos v涇idos: 0
2025-06-23 12:16:20,685 - ERROR - ERROR: No se pudieron obtener s庵bolos
2025-06-23 12:16:20,685 - INFO - TIMING: Ciclo completado en 9.56 segundos
2025-06-23 12:16:20,685 - INFO - WAIT: Esperando 30 segundos hasta pr鳥imo escaneo...
2025-06-23 12:16:50,686 - INFO - ==================================================
2025-06-23 12:16:50,686 - INFO - CYCLE: Iniciando nuevo ciclo de escaneo...
2025-06-23 12:16:50,928 - INFO - POSITIONS: Posiciones abiertas: 3
2025-06-23 12:16:51,158 - INFO - BALANCE: USDT total: $74.9709
2025-06-23 12:16:51,159 - INFO - BALANCE: USDT disponible: $52.1106
2025-06-23 12:16:51,864 - INFO - BALANCE: USDT total: $74.9709
2025-06-23 12:16:51,864 - INFO - BALANCE: USDT disponible: $52.1418
2025-06-23 12:17:00,214 - INFO - SYMBOLS: Filtrado completado:
2025-06-23 12:17:00,215 - INFO -   - Total procesados: 515
2025-06-23 12:17:00,215 - INFO -   - Rechazados por volumen: 437
2025-06-23 12:17:00,215 - INFO -   - Rechazados por spread: 0
2025-06-23 12:17:00,215 - INFO -   - Rechazados por estado: 2
2025-06-23 12:17:00,216 - INFO -   - Rechazados por valor m暗imo orden: 37
2025-06-23 12:17:00,216 - INFO -   - Rechazados por notional m暗imo: 0
2025-06-23 12:17:00,216 - INFO -   - S庵bolos v涇idos: 0
2025-06-23 12:17:00,219 - ERROR - ERROR: No se pudieron obtener s庵bolos
2025-06-23 12:17:00,220 - INFO - TIMING: Ciclo completado en 9.53 segundos
2025-06-23 12:17:00,220 - INFO - WAIT: Esperando 30 segundos hasta pr鳥imo escaneo...
2025-06-23 12:17:30,220 - INFO - ==================================================
2025-06-23 12:17:30,220 - INFO - CYCLE: Iniciando nuevo ciclo de escaneo...
2025-06-23 12:17:30,464 - INFO - POSITIONS: Posiciones abiertas: 3
2025-06-23 12:17:30,687 - INFO - BALANCE: USDT total: $74.9709
2025-06-23 12:17:30,688 - INFO - BALANCE: USDT disponible: $52.1831
2025-06-23 12:17:31,406 - INFO - BALANCE: USDT total: $74.9709
2025-06-23 12:17:31,406 - INFO - BALANCE: USDT disponible: $52.1575
2025-06-23 12:17:39,831 - INFO - SYMBOLS: Filtrado completado:
2025-06-23 12:17:39,831 - INFO -   - Total procesados: 515
2025-06-23 12:17:39,831 - INFO -   - Rechazados por volumen: 437
2025-06-23 12:17:39,831 - INFO -   - Rechazados por spread: 0
2025-06-23 12:17:39,831 - INFO -   - Rechazados por estado: 2
2025-06-23 12:17:39,831 - INFO -   - Rechazados por valor m暗imo orden: 37
2025-06-23 12:17:39,831 - INFO -   - Rechazados por notional m暗imo: 0
2025-06-23 12:17:39,831 - INFO -   - S庵bolos v涇idos: 0
2025-06-23 12:17:39,831 - ERROR - ERROR: No se pudieron obtener s庵bolos
2025-06-23 12:17:39,831 - INFO - TIMING: Ciclo completado en 9.61 segundos
2025-06-23 12:17:39,831 - INFO - WAIT: Esperando 30 segundos hasta pr鳥imo escaneo...
2025-06-23 12:18:09,843 - INFO - ==================================================
2025-06-23 12:18:09,843 - INFO - CYCLE: Iniciando nuevo ciclo de escaneo...
2025-06-23 12:18:10,072 - INFO - POSITIONS: Posiciones abiertas: 3
2025-06-23 12:18:10,305 - INFO - BALANCE: USDT total: $74.9709
2025-06-23 12:18:10,305 - INFO - BALANCE: USDT disponible: $52.0928
2025-06-23 12:18:11,009 - INFO - BALANCE: USDT total: $74.9709
2025-06-23 12:18:11,009 - INFO - BALANCE: USDT disponible: $52.0910
2025-06-23 12:18:19,433 - INFO - SYMBOLS: Filtrado completado:
2025-06-23 12:18:19,433 - INFO -   - Total procesados: 515
2025-06-23 12:18:19,434 - INFO -   - Rechazados por volumen: 437
2025-06-23 12:18:19,434 - INFO -   - Rechazados por spread: 0
2025-06-23 12:18:19,434 - INFO -   - Rechazados por estado: 2
2025-06-23 12:18:19,435 - INFO -   - Rechazados por valor m暗imo orden: 37
2025-06-23 12:18:19,435 - INFO -   - Rechazados por notional m暗imo: 0
2025-06-23 12:18:19,435 - INFO -   - S庵bolos v涇idos: 0
2025-06-23 12:18:19,437 - ERROR - ERROR: No se pudieron obtener s庵bolos
2025-06-23 12:18:19,437 - INFO - TIMING: Ciclo completado en 9.59 segundos
2025-06-23 12:18:19,438 - INFO - WAIT: Esperando 30 segundos hasta pr鳥imo escaneo...
2025-06-23 12:18:49,439 - INFO - ==================================================
2025-06-23 12:18:49,439 - INFO - CYCLE: Iniciando nuevo ciclo de escaneo...
2025-06-23 12:18:49,682 - INFO - POSITIONS: Posiciones abiertas: 3
2025-06-23 12:18:49,914 - INFO - BALANCE: USDT total: $74.9709
2025-06-23 12:18:49,914 - INFO - BALANCE: USDT disponible: $52.0579
2025-06-23 12:18:50,615 - INFO - BALANCE: USDT total: $74.9709
2025-06-23 12:18:50,616 - INFO - BALANCE: USDT disponible: $52.0629
2025-06-23 12:18:59,239 - INFO - SYMBOLS: Filtrado completado:
2025-06-23 12:18:59,240 - INFO -   - Total procesados: 515
2025-06-23 12:18:59,240 - INFO -   - Rechazados por volumen: 437
2025-06-23 12:18:59,240 - INFO -   - Rechazados por spread: 0
2025-06-23 12:18:59,241 - INFO -   - Rechazados por estado: 2
2025-06-23 12:18:59,241 - INFO -   - Rechazados por valor m暗imo orden: 37
2025-06-23 12:18:59,241 - INFO -   - Rechazados por notional m暗imo: 0
2025-06-23 12:18:59,241 - INFO -   - S庵bolos v涇idos: 0
2025-06-23 12:18:59,243 - ERROR - ERROR: No se pudieron obtener s庵bolos
2025-06-23 12:18:59,243 - INFO - TIMING: Ciclo completado en 9.80 segundos
2025-06-23 12:18:59,243 - INFO - WAIT: Esperando 30 segundos hasta pr鳥imo escaneo...
2025-06-23 12:19:29,245 - INFO - ==================================================
2025-06-23 12:19:29,246 - INFO - CYCLE: Iniciando nuevo ciclo de escaneo...
2025-06-23 12:19:29,493 - INFO - POSITIONS: Posiciones abiertas: 3
2025-06-23 12:19:29,727 - INFO - BALANCE: USDT total: $74.9709
2025-06-23 12:19:29,727 - INFO - BALANCE: USDT disponible: $52.0925
2025-06-23 12:19:30,426 - INFO - BALANCE: USDT total: $74.9709
2025-06-23 12:19:30,427 - INFO - BALANCE: USDT disponible: $52.1372
2025-06-23 12:19:38,987 - INFO - SYMBOLS: Filtrado completado:
2025-06-23 12:19:38,987 - INFO -   - Total procesados: 515
2025-06-23 12:19:38,988 - INFO -   - Rechazados por volumen: 437
2025-06-23 12:19:38,988 - INFO -   - Rechazados por spread: 0
2025-06-23 12:19:38,989 - INFO -   - Rechazados por estado: 2
2025-06-23 12:19:38,989 - INFO -   - Rechazados por valor m暗imo orden: 37
2025-06-23 12:19:38,989 - INFO -   - Rechazados por notional m暗imo: 0
2025-06-23 12:19:38,990 - INFO -   - S庵bolos v涇idos: 0
2025-06-23 12:19:38,991 - ERROR - ERROR: No se pudieron obtener s庵bolos
2025-06-23 12:19:38,992 - INFO - TIMING: Ciclo completado en 9.75 segundos
2025-06-23 12:19:38,992 - INFO - WAIT: Esperando 30 segundos hasta pr鳥imo escaneo...
2025-06-23 12:20:08,993 - INFO - ==================================================
2025-06-23 12:20:08,993 - INFO - CYCLE: Iniciando nuevo ciclo de escaneo...
2025-06-23 12:20:09,237 - INFO - POSITIONS: Posiciones abiertas: 3
2025-06-23 12:20:09,471 - INFO - BALANCE: USDT total: $74.9709
2025-06-23 12:20:09,472 - INFO - BALANCE: USDT disponible: $52.2349
2025-06-23 12:20:10,200 - INFO - BALANCE: USDT total: $74.9709
2025-06-23 12:20:10,200 - INFO - BALANCE: USDT disponible: $52.2407
2025-06-23 12:20:18,698 - INFO - SYMBOLS: Filtrado completado:
2025-06-23 12:20:18,699 - INFO -   - Total procesados: 515
2025-06-23 12:20:18,699 - INFO -   - Rechazados por volumen: 437
2025-06-23 12:20:18,700 - INFO -   - Rechazados por spread: 0
2025-06-23 12:20:18,700 - INFO -   - Rechazados por estado: 2
2025-06-23 12:20:18,700 - INFO -   - Rechazados por valor m暗imo orden: 37
2025-06-23 12:20:18,701 - INFO -   - Rechazados por notional m暗imo: 0
2025-06-23 12:20:18,701 - INFO -   - S庵bolos v涇idos: 0
2025-06-23 12:20:18,703 - ERROR - ERROR: No se pudieron obtener s庵bolos
2025-06-23 12:20:18,703 - INFO - TIMING: Ciclo completado en 9.71 segundos
2025-06-23 12:20:18,703 - INFO - WAIT: Esperando 30 segundos hasta pr鳥imo escaneo...
2025-06-23 12:20:48,705 - INFO - ==================================================
2025-06-23 12:20:48,705 - INFO - CYCLE: Iniciando nuevo ciclo de escaneo...
2025-06-23 12:20:48,949 - INFO - POSITIONS: Posiciones abiertas: 3
2025-06-23 12:20:49,233 - INFO - BALANCE: USDT total: $74.9709
2025-06-23 12:20:49,233 - INFO - BALANCE: USDT disponible: $52.3465
2025-06-23 12:20:49,990 - INFO - BALANCE: USDT total: $74.9709
2025-06-23 12:20:49,990 - INFO - BALANCE: USDT disponible: $52.3417
2025-06-23 12:20:58,609 - INFO - SYMBOLS: Filtrado completado:
2025-06-23 12:20:58,609 - INFO -   - Total procesados: 515
2025-06-23 12:20:58,613 - INFO -   - Rechazados por volumen: 437
2025-06-23 12:20:58,613 - INFO -   - Rechazados por spread: 0
2025-06-23 12:20:58,613 - INFO -   - Rechazados por estado: 2
2025-06-23 12:20:58,613 - INFO -   - Rechazados por valor m暗imo orden: 37
2025-06-23 12:20:58,614 - INFO -   - Rechazados por notional m暗imo: 0
2025-06-23 12:20:58,614 - INFO -   - S庵bolos v涇idos: 0
2025-06-23 12:20:58,618 - ERROR - ERROR: No se pudieron obtener s庵bolos
2025-06-23 12:20:58,618 - INFO - TIMING: Ciclo completado en 9.91 segundos
2025-06-23 12:20:58,618 - INFO - WAIT: Esperando 30 segundos hasta pr鳥imo escaneo...
2025-06-23 12:21:28,619 - INFO - ==================================================
2025-06-23 12:21:28,619 - INFO - CYCLE: Iniciando nuevo ciclo de escaneo...
2025-06-23 12:21:28,859 - INFO - POSITIONS: Posiciones abiertas: 3
2025-06-23 12:21:29,082 - INFO - BALANCE: USDT total: $74.9709
2025-06-23 12:21:29,082 - INFO - BALANCE: USDT disponible: $52.4218
2025-06-23 12:21:29,814 - INFO - BALANCE: USDT total: $74.9709
2025-06-23 12:21:29,814 - INFO - BALANCE: USDT disponible: $52.4269
2025-06-23 12:21:38,386 - INFO - SYMBOLS: Filtrado completado:
2025-06-23 12:21:38,386 - INFO -   - Total procesados: 515
2025-06-23 12:21:38,387 - INFO -   - Rechazados por volumen: 437
2025-06-23 12:21:38,387 - INFO -   - Rechazados por spread: 0
2025-06-23 12:21:38,387 - INFO -   - Rechazados por estado: 2
2025-06-23 12:21:38,388 - INFO -   - Rechazados por valor m暗imo orden: 37
2025-06-23 12:21:38,388 - INFO -   - Rechazados por notional m暗imo: 0
2025-06-23 12:21:38,388 - INFO -   - S庵bolos v涇idos: 0
2025-06-23 12:21:38,390 - ERROR - ERROR: No se pudieron obtener s庵bolos
2025-06-23 12:21:38,390 - INFO - TIMING: Ciclo completado en 9.77 segundos
2025-06-23 12:21:38,390 - INFO - WAIT: Esperando 30 segundos hasta pr鳥imo escaneo...
2025-06-23 12:22:08,391 - INFO - ==================================================
2025-06-23 12:22:08,391 - INFO - CYCLE: Iniciando nuevo ciclo de escaneo...
2025-06-23 12:22:08,652 - INFO - POSITIONS: Posiciones abiertas: 3
2025-06-23 12:22:08,900 - INFO - BALANCE: USDT total: $74.9709
2025-06-23 12:22:08,900 - INFO - BALANCE: USDT disponible: $52.4901
2025-06-23 12:22:09,598 - INFO - BALANCE: USDT total: $74.9709
2025-06-23 12:22:09,598 - INFO - BALANCE: USDT disponible: $52.5033
2025-06-23 12:22:18,057 - INFO - SYMBOLS: Filtrado completado:
2025-06-23 12:22:18,057 - INFO -   - Total procesados: 515
2025-06-23 12:22:18,057 - INFO -   - Rechazados por volumen: 437
2025-06-23 12:22:18,057 - INFO -   - Rechazados por spread: 0
2025-06-23 12:22:18,057 - INFO -   - Rechazados por estado: 2
2025-06-23 12:22:18,057 - INFO -   - Rechazados por valor m暗imo orden: 37
2025-06-23 12:22:18,057 - INFO -   - Rechazados por notional m暗imo: 0
2025-06-23 12:22:18,057 - INFO -   - S庵bolos v涇idos: 0
2025-06-23 12:22:18,060 - ERROR - ERROR: No se pudieron obtener s庵bolos
2025-06-23 12:22:18,060 - INFO - TIMING: Ciclo completado en 9.67 segundos
2025-06-23 12:22:18,060 - INFO - WAIT: Esperando 30 segundos hasta pr鳥imo escaneo...
2025-06-23 12:22:48,063 - INFO - ==================================================
2025-06-23 12:22:48,064 - INFO - CYCLE: Iniciando nuevo ciclo de escaneo...
2025-06-23 12:22:48,339 - INFO - POSITIONS: Posiciones abiertas: 3
2025-06-23 12:22:48,658 - INFO - BALANCE: USDT total: $74.9709
2025-06-23 12:22:48,658 - INFO - BALANCE: USDT disponible: $52.6069
2025-06-23 12:22:49,813 - INFO - BALANCE: USDT total: $74.9709
2025-06-23 12:22:49,815 - INFO - BALANCE: USDT disponible: $52.6113
2025-06-23 12:22:58,343 - INFO - SYMBOLS: Filtrado completado:
2025-06-23 12:22:58,343 - INFO -   - Total procesados: 515
2025-06-23 12:22:58,344 - INFO -   - Rechazados por volumen: 437
2025-06-23 12:22:58,344 - INFO -   - Rechazados por spread: 0
2025-06-23 12:22:58,344 - INFO -   - Rechazados por estado: 2
2025-06-23 12:22:58,344 - INFO -   - Rechazados por valor m暗imo orden: 37
2025-06-23 12:22:58,344 - INFO -   - Rechazados por notional m暗imo: 0
2025-06-23 12:22:58,344 - INFO -   - S庵bolos v涇idos: 0
2025-06-23 12:22:58,347 - ERROR - ERROR: No se pudieron obtener s庵bolos
2025-06-23 12:22:58,347 - INFO - TIMING: Ciclo completado en 10.28 segundos
2025-06-23 12:22:58,347 - INFO - WAIT: Esperando 30 segundos hasta pr鳥imo escaneo...
2025-06-23 12:23:28,349 - INFO - ==================================================
2025-06-23 12:23:28,349 - INFO - CYCLE: Iniciando nuevo ciclo de escaneo...
2025-06-23 12:23:28,585 - INFO - POSITIONS: Posiciones abiertas: 3
2025-06-23 12:23:28,808 - INFO - BALANCE: USDT total: $74.9709
2025-06-23 12:23:28,808 - INFO - BALANCE: USDT disponible: $52.6019
2025-06-23 12:23:29,523 - INFO - BALANCE: USDT total: $74.9709
2025-06-23 12:23:29,523 - INFO - BALANCE: USDT disponible: $52.5961
2025-06-23 12:23:38,197 - INFO - SYMBOLS: Filtrado completado:
2025-06-23 12:23:38,197 - INFO -   - Total procesados: 515
2025-06-23 12:23:38,197 - INFO -   - Rechazados por volumen: 437
2025-06-23 12:23:38,198 - INFO -   - Rechazados por spread: 0
2025-06-23 12:23:38,198 - INFO -   - Rechazados por estado: 2
2025-06-23 12:23:38,198 - INFO -   - Rechazados por valor m暗imo orden: 37
2025-06-23 12:23:38,199 - INFO -   - Rechazados por notional m暗imo: 0
2025-06-23 12:23:38,199 - INFO -   - S庵bolos v涇idos: 0
2025-06-23 12:23:38,201 - ERROR - ERROR: No se pudieron obtener s庵bolos
2025-06-23 12:23:38,201 - INFO - TIMING: Ciclo completado en 9.85 segundos
2025-06-23 12:23:38,201 - INFO - WAIT: Esperando 30 segundos hasta pr鳥imo escaneo...
2025-06-23 12:24:08,203 - INFO - ==================================================
2025-06-23 12:24:08,203 - INFO - CYCLE: Iniciando nuevo ciclo de escaneo...
2025-06-23 12:24:08,443 - INFO - POSITIONS: Posiciones abiertas: 2
2025-06-23 12:24:08,691 - INFO - BALANCE: USDT total: $75.3407
2025-06-23 12:24:08,691 - INFO - BALANCE: USDT disponible: $60.0749
2025-06-23 12:24:09,432 - INFO - BALANCE: USDT total: $75.3407
2025-06-23 12:24:09,432 - INFO - BALANCE: USDT disponible: $60.0835
2025-06-23 12:24:18,338 - INFO - SYMBOLS: Filtrado completado:
2025-06-23 12:24:18,340 - INFO -   - Total procesados: 515
2025-06-23 12:24:18,340 - INFO -   - Rechazados por volumen: 437
2025-06-23 12:24:18,342 - INFO -   - Rechazados por spread: 0
2025-06-23 12:24:18,342 - INFO -   - Rechazados por estado: 2
2025-06-23 12:24:18,342 - INFO -   - Rechazados por valor m暗imo orden: 37
2025-06-23 12:24:18,342 - INFO -   - Rechazados por notional m暗imo: 0
2025-06-23 12:24:18,343 - INFO -   - S庵bolos v涇idos: 0
2025-06-23 12:24:18,344 - ERROR - ERROR: No se pudieron obtener s庵bolos
2025-06-23 12:24:18,344 - INFO - TIMING: Ciclo completado en 10.14 segundos
2025-06-23 12:24:18,344 - INFO - WAIT: Esperando 30 segundos hasta pr鳥imo escaneo...
2025-06-23 12:24:48,346 - INFO - ==================================================
2025-06-23 12:24:48,346 - INFO - CYCLE: Iniciando nuevo ciclo de escaneo...
2025-06-23 12:24:48,584 - INFO - POSITIONS: Posiciones abiertas: 2
2025-06-23 12:24:48,829 - INFO - BALANCE: USDT total: $75.3407
2025-06-23 12:24:48,830 - INFO - BALANCE: USDT disponible: $60.1373
2025-06-23 12:24:49,530 - INFO - BALANCE: USDT total: $75.3407
2025-06-23 12:24:49,530 - INFO - BALANCE: USDT disponible: $60.1350
2025-06-23 12:24:58,269 - INFO - SYMBOLS: Filtrado completado:
2025-06-23 12:24:58,269 - INFO -   - Total procesados: 515
2025-06-23 12:24:58,269 - INFO -   - Rechazados por volumen: 437
2025-06-23 12:24:58,269 - INFO -   - Rechazados por spread: 0
2025-06-23 12:24:58,272 - INFO -   - Rechazados por estado: 2
2025-06-23 12:24:58,272 - INFO -   - Rechazados por valor m暗imo orden: 37
2025-06-23 12:24:58,272 - INFO -   - Rechazados por notional m暗imo: 0
2025-06-23 12:24:58,272 - INFO -   - S庵bolos v涇idos: 0
2025-06-23 12:24:58,274 - ERROR - ERROR: No se pudieron obtener s庵bolos
2025-06-23 12:24:58,274 - INFO - TIMING: Ciclo completado en 9.93 segundos
2025-06-23 12:24:58,275 - INFO - WAIT: Esperando 30 segundos hasta pr鳥imo escaneo...
2025-06-23 12:25:28,276 - INFO - ==================================================
2025-06-23 12:25:28,277 - INFO - CYCLE: Iniciando nuevo ciclo de escaneo...
2025-06-23 12:25:28,515 - INFO - POSITIONS: Posiciones abiertas: 2
2025-06-23 12:25:28,740 - INFO - BALANCE: USDT total: $75.3407
2025-06-23 12:25:28,740 - INFO - BALANCE: USDT disponible: $60.0403
2025-06-23 12:25:29,450 - INFO - BALANCE: USDT total: $75.3407
2025-06-23 12:25:29,450 - INFO - BALANCE: USDT disponible: $60.0461
2025-06-23 12:25:37,954 - INFO - SYMBOLS: Filtrado completado:
2025-06-23 12:25:37,954 - INFO -   - Total procesados: 515
2025-06-23 12:25:37,958 - INFO -   - Rechazados por volumen: 437
2025-06-23 12:25:37,958 - INFO -   - Rechazados por spread: 0
2025-06-23 12:25:37,958 - INFO -   - Rechazados por estado: 2
2025-06-23 12:25:37,958 - INFO -   - Rechazados por valor m暗imo orden: 37
2025-06-23 12:25:37,958 - INFO -   - Rechazados por notional m暗imo: 0
2025-06-23 12:25:37,958 - INFO -   - S庵bolos v涇idos: 0
2025-06-23 12:25:37,960 - ERROR - ERROR: No se pudieron obtener s庵bolos
2025-06-23 12:25:37,962 - INFO - TIMING: Ciclo completado en 9.69 segundos
2025-06-23 12:25:37,962 - INFO - WAIT: Esperando 30 segundos hasta pr鳥imo escaneo...
2025-06-23 12:26:07,963 - INFO - ==================================================
2025-06-23 12:26:07,963 - INFO - CYCLE: Iniciando nuevo ciclo de escaneo...
2025-06-23 12:26:08,215 - INFO - POSITIONS: Posiciones abiertas: 2
2025-06-23 12:26:08,873 - INFO - BALANCE: USDT total: $75.3407
2025-06-23 12:26:08,873 - INFO - BALANCE: USDT disponible: $60.0729
2025-06-23 12:26:10,422 - INFO - BALANCE: USDT total: $75.3407
2025-06-23 12:26:10,422 - INFO - BALANCE: USDT disponible: $60.0798
2025-06-23 12:26:18,864 - INFO - SYMBOLS: Filtrado completado:
2025-06-23 12:26:18,864 - INFO -   - Total procesados: 515
2025-06-23 12:26:18,864 - INFO -   - Rechazados por volumen: 437
2025-06-23 12:26:18,864 - INFO -   - Rechazados por spread: 0
2025-06-23 12:26:18,864 - INFO -   - Rechazados por estado: 2
2025-06-23 12:26:18,864 - INFO -   - Rechazados por valor m暗imo orden: 37
2025-06-23 12:26:18,864 - INFO -   - Rechazados por notional m暗imo: 0
2025-06-23 12:26:18,864 - INFO -   - S庵bolos v涇idos: 0
2025-06-23 12:26:18,864 - ERROR - ERROR: No se pudieron obtener s庵bolos
2025-06-23 12:26:18,864 - INFO - TIMING: Ciclo completado en 10.90 segundos
2025-06-23 12:26:18,864 - INFO - WAIT: Esperando 30 segundos hasta pr鳥imo escaneo...
2025-06-23 12:26:48,872 - INFO - ==================================================
2025-06-23 12:26:48,872 - INFO - CYCLE: Iniciando nuevo ciclo de escaneo...
2025-06-23 12:26:49,118 - INFO - POSITIONS: Posiciones abiertas: 2
2025-06-23 12:26:49,343 - INFO - BALANCE: USDT total: $75.3407
2025-06-23 12:26:49,343 - INFO - BALANCE: USDT disponible: $60.1314
2025-06-23 12:26:50,052 - INFO - BALANCE: USDT total: $75.3407
2025-06-23 12:26:50,052 - INFO - BALANCE: USDT disponible: $60.1300
2025-06-23 12:26:58,636 - INFO - SYMBOLS: Filtrado completado:
2025-06-23 12:26:58,636 - INFO -   - Total procesados: 515
2025-06-23 12:26:58,636 - INFO -   - Rechazados por volumen: 437
2025-06-23 12:26:58,636 - INFO -   - Rechazados por spread: 0
2025-06-23 12:26:58,636 - INFO -   - Rechazados por estado: 2
2025-06-23 12:26:58,636 - INFO -   - Rechazados por valor m暗imo orden: 37
2025-06-23 12:26:58,636 - INFO -   - Rechazados por notional m暗imo: 0
2025-06-23 12:26:58,636 - INFO -   - S庵bolos v涇idos: 0
2025-06-23 12:26:58,636 - ERROR - ERROR: No se pudieron obtener s庵bolos
2025-06-23 12:26:58,636 - INFO - TIMING: Ciclo completado en 9.76 segundos
2025-06-23 12:26:58,636 - INFO - WAIT: Esperando 30 segundos hasta pr鳥imo escaneo...
2025-06-23 12:27:15,961 - INFO - STOP: Bot detenido por usuario
2025-06-23 13:06:26,046 - INFO - Conectado a Binance Futures.
2025-06-23 13:07:17,859 - INFO - Conectado a Binance Futures.
2025-06-23 13:08:47,870 - INFO - START: Iniciando Trading Bot Mejorado...
2025-06-23 13:08:47,896 - INFO - NETWORK: Conectividad a internet verificada
2025-06-23 13:08:47,897 - INFO - INIT: Variables de entorno cargadas correctamente
2025-06-23 13:08:48,178 - INFO - INIT: Cliente Binance inicializado
2025-06-23 13:08:48,178 - INFO - TEST: Probando conexi蚤 a Binance (intento 1/3)...
2025-06-23 13:08:48,409 - INFO - TEST: Hora del servidor Binance: 2025-06-23 13:08:49.138000
2025-06-23 13:08:48,679 - INFO - SUCCESS: Conexi蚤 a Binance Futures establecida correctamente
2025-06-23 13:08:48,679 - INFO - SUCCESS: Bot inicializado correctamente
2025-06-23 13:08:48,679 - INFO - ==================================================
2025-06-23 13:08:48,679 - INFO - CYCLE: Iniciando nuevo ciclo de escaneo...
2025-06-23 13:08:48,923 - INFO - POSITIONS: Posiciones abiertas: 1
2025-06-23 13:08:49,147 - INFO - BALANCE: USDT total: $75.6217
2025-06-23 13:08:49,147 - INFO - BALANCE: USDT disponible: $67.0050
2025-06-23 13:08:49,880 - INFO - BALANCE: USDT total: $75.6217
2025-06-23 13:08:49,880 - INFO - BALANCE: USDT disponible: $67.0099
2025-06-23 13:09:01,442 - INFO - SYMBOLS: 34 s庵bolos v涇idos encontrados
2025-06-23 13:09:01,445 - INFO - SCAN: Analizando 34 s庵bolos...
2025-06-23 13:09:01,977 - INFO - SIGNAL: SE헤L LONG fuerte para WIFUSDT (7/9 condiciones)
2025-06-23 13:09:03,083 - INFO - SUCCESS: SE헤L ENVIADA: WIFUSDT | BUY
2025-06-23 13:09:05,553 - INFO - SIGNAL: SE헤L LONG fuerte para DOTUSDT (7/9 condiciones)
2025-06-23 13:09:06,379 - INFO - SUCCESS: SE헤L ENVIADA: DOTUSDT | BUY
2025-06-23 13:09:08,384 - INFO - SUCCESS: Ciclo completado: 2 se人les enviadas
2025-06-23 13:09:08,384 - INFO - TIMING: Ciclo completado en 19.70 segundos
2025-06-23 13:09:08,384 - INFO - WAIT: Esperando 30 segundos hasta pr鳥imo escaneo...
2025-06-23 13:09:38,385 - INFO - ==================================================
2025-06-23 13:09:38,385 - INFO - CYCLE: Iniciando nuevo ciclo de escaneo...
2025-06-23 13:09:38,627 - INFO - POSITIONS: Posiciones abiertas: 3
2025-06-23 13:09:38,854 - INFO - BALANCE: USDT total: $75.6116
2025-06-23 13:09:38,854 - INFO - BALANCE: USDT disponible: $51.9342
2025-06-23 13:09:39,564 - INFO - BALANCE: USDT total: $75.6116
2025-06-23 13:09:39,564 - INFO - BALANCE: USDT disponible: $51.9318
2025-06-23 13:09:48,393 - INFO - SYMBOLS: 34 s庵bolos v涇idos encontrados
2025-06-23 13:09:48,393 - INFO - SCAN: Analizando 34 s庵bolos...
2025-06-23 13:09:48,875 - INFO - SIGNAL: SE헤L LONG fuerte para SPKUSDT (8/9 condiciones)
2025-06-23 13:09:49,709 - INFO - SUCCESS: SE헤L ENVIADA: SPKUSDT | BUY
2025-06-23 13:09:54,659 - INFO - SIGNAL: SE헤L LONG fuerte para TRUMPUSDT (7/9 condiciones)
2025-06-23 13:09:55,565 - INFO - SUCCESS: SE헤L ENVIADA: TRUMPUSDT | BUY
2025-06-23 13:09:57,567 - INFO - SUCCESS: Ciclo completado: 2 se人les enviadas
2025-06-23 13:09:57,567 - INFO - TIMING: Ciclo completado en 19.18 segundos
2025-06-23 13:09:57,568 - INFO - WAIT: Esperando 30 segundos hasta pr鳥imo escaneo...
2025-06-23 13:10:27,569 - INFO - ==================================================
2025-06-23 13:10:27,569 - INFO - CYCLE: Iniciando nuevo ciclo de escaneo...
2025-06-23 13:10:27,814 - INFO - POSITIONS: Posiciones abiertas: 4
2025-06-23 13:10:27,814 - INFO - LIMIT: L庵ite de operaciones abiertas alcanzado (4/4)
2025-06-23 13:10:27,814 - INFO - TIMING: Ciclo completado en 0.24 segundos
2025-06-23 13:10:27,814 - INFO - WAIT: Esperando 30 segundos hasta pr鳥imo escaneo...
2025-06-23 13:10:57,816 - INFO - ==================================================
2025-06-23 13:10:57,816 - INFO - CYCLE: Iniciando nuevo ciclo de escaneo...
2025-06-23 13:10:58,064 - INFO - POSITIONS: Posiciones abiertas: 4
2025-06-23 13:10:58,064 - INFO - LIMIT: L庵ite de operaciones abiertas alcanzado (4/4)
2025-06-23 13:10:58,064 - INFO - TIMING: Ciclo completado en 0.25 segundos
2025-06-23 13:10:58,064 - INFO - WAIT: Esperando 30 segundos hasta pr鳥imo escaneo...
2025-06-23 13:11:28,068 - INFO - ==================================================
2025-06-23 13:11:28,068 - INFO - CYCLE: Iniciando nuevo ciclo de escaneo...
2025-06-23 13:11:28,311 - INFO - POSITIONS: Posiciones abiertas: 4
2025-06-23 13:11:28,313 - INFO - LIMIT: L庵ite de operaciones abiertas alcanzado (4/4)
2025-06-23 13:11:28,313 - INFO - TIMING: Ciclo completado en 0.25 segundos
2025-06-23 13:11:28,313 - INFO - WAIT: Esperando 30 segundos hasta pr鳥imo escaneo...
2025-06-23 13:11:58,315 - INFO - ==================================================
2025-06-23 13:11:58,315 - INFO - CYCLE: Iniciando nuevo ciclo de escaneo...
2025-06-23 13:11:58,564 - INFO - POSITIONS: Posiciones abiertas: 4
2025-06-23 13:11:58,564 - INFO - LIMIT: L庵ite de operaciones abiertas alcanzado (4/4)
2025-06-23 13:11:58,565 - INFO - TIMING: Ciclo completado en 0.25 segundos
2025-06-23 13:11:58,565 - INFO - WAIT: Esperando 30 segundos hasta pr鳥imo escaneo...
2025-06-23 13:12:04,914 - INFO - STOP: Bot detenido por usuario
2025-06-23 13:49:52,944 - INFO - START: Iniciando Trading Bot Mejorado...
2025-06-23 13:49:52,975 - INFO - NETWORK: Conectividad a internet verificada
2025-06-23 13:49:52,975 - INFO - INIT: Variables de entorno cargadas correctamente
2025-06-23 13:49:53,261 - INFO - INIT: Cliente Binance inicializado
2025-06-23 13:49:53,261 - INFO - TEST: Probando conexi蚤 a Binance (intento 1/3)...
2025-06-23 13:49:53,486 - INFO - TEST: Hora del servidor Binance: 2025-06-23 13:49:54.178000
2025-06-23 13:49:53,790 - INFO - SUCCESS: Conexi蚤 a Binance Futures establecida correctamente
2025-06-23 13:49:53,790 - INFO - SUCCESS: Bot inicializado correctamente
2025-06-23 13:49:53,790 - INFO - ==================================================
2025-06-23 13:49:53,790 - INFO - CYCLE: Iniciando nuevo ciclo de escaneo...
2025-06-23 13:49:54,033 - INFO - POSITIONS: Posiciones abiertas: 2
2025-06-23 13:49:54,264 - INFO - BALANCE: USDT total: $75.7114
2025-06-23 13:49:54,264 - INFO - BALANCE: USDT disponible: $59.7450
2025-06-23 13:49:54,966 - INFO - BALANCE: USDT total: $75.7114
2025-06-23 13:49:54,966 - INFO - BALANCE: USDT disponible: $59.7644
2025-06-23 13:50:00,348 - INFO - STOP: Bot detenido por usuario
